2025-03-11 16:16:42,465 [DEBUG] Initializing pyfuse3
2025-03-11 16:16:42,466 [DEBUG] Calling fuse_session_new
2025-03-11 16:16:42,466 [DEBUG] Calling fuse_session_mount
2025-03-11 16:16:42,468 [INFO] FUSE filesystem mounted on '/mnt/httpfs'
2025-03-11 16:16:42,469 [DEBUG] pyfuse-02: No tasks waiting, starting another worker (now 2 total).
2025-03-11 16:16:42,469 [INFO] Update server listening on port 9000
2025-03-11 16:16:54,009 [DEBUG] getattr: inode=1
2025-03-11 16:16:54,010 [DEBUG] Getting root attributes
2025-03-11 16:16:54,010 [DEBUG] get_root_attr took 0.0001 seconds
2025-03-11 16:16:54,010 [DEBUG] Getting file attributes for 'BigBuckBunny.mp4'
2025-03-11 16:16:54,010 [INFO] Fetching HEAD from remote
2025-03-11 16:16:54,016 [DEBUG] Starting new HTTP connection (1): commondatastorage.googleapis.com:80
2025-03-11 16:16:54,195 [DEBUG] http://commondatastorage.googleapis.com:80 "HEAD /gtv-videos-bucket/sample/BigBuckBunny.mp4 HTTP/1.1" 200 0
2025-03-11 16:16:54,196 [DEBUG] Size of 'BigBuckBunny.mp4': 158008374 bytes
2025-03-11 16:16:54,196 [DEBUG] get_file_attr took 0.1857 seconds
2025-03-11 16:17:10,269 [DEBUG] open: inode=2, flags=34816
2025-03-11 16:17:10,270 [DEBUG] read: fh=1, off=0, size=131072
2025-03-11 16:17:10,270 [DEBUG] read: fh=1, off=0, size=131072
2025-03-11 16:17:10,270 [DEBUG] read: fh=1, off=0, size=131072
2025-03-11 16:17:10,270 [DEBUG] read: fh=1, off=0, size=131072
2025-03-11 16:17:10,270 [DEBUG] read: fh=1, off=0, size=131072
2025-03-11 16:17:10,271 [DEBUG] read: fh=1, off=0, size=131072
2025-03-11 16:17:10,272 [DEBUG] read: fh=1, off=0, size=131072
2025-03-11 16:17:10,272 [DEBUG] read: fh=1, off=0, size=131072
2025-03-11 16:17:10,272 [DEBUG] read: fh=1, off=0, size=131072
2025-03-11 16:17:10,273 [DEBUG] read: fh=1, off=0, size=131072
2025-03-11 16:17:10,273 [DEBUG] read: fh=1, off=0, size=131072
2025-03-11 16:17:10,273 [DEBUG] read: fh=1, off=0, size=262144
2025-03-11 16:17:10,274 [DEBUG] read: fh=1, off=0, size=131072
2025-03-11 16:17:10,274 [DEBUG] read: fh=1, off=0, size=131072
2025-03-11 16:17:10,274 [DEBUG] read: fh=1, off=0, size=131072
2025-03-11 16:17:17,576 [DEBUG] open: inode=2, flags=34816
2025-03-11 16:17:17,577 [DEBUG] read: fh=2, off=0, size=131072
2025-03-11 16:17:17,577 [DEBUG] Getting file attributes for 'BigBuckBunny.mp4'
2025-03-11 16:17:17,577 [DEBUG] Returning cached file attributes for 'BigBuckBunny.mp4'
2025-03-11 16:17:17,577 [DEBUG] get_file_attr took 0.0001 seconds
