2025-03-11 21:50:37,488 [DEBUG] Initializing pyfuse3
2025-03-11 21:50:37,488 [DEBUG] Calling fuse_session_new
2025-03-11 21:50:37,488 [DEBUG] Calling fuse_session_mount
2025-03-11 21:50:37,491 [INFO] FUSE filesystem mounted on '/mnt/httpfs'
2025-03-11 21:50:37,491 [DEBUG] pyfuse-02: No tasks waiting, starting another worker (now 2 total).
2025-03-11 21:50:37,491 [INFO] Update server listening on port 9000
2025-03-11 21:50:41,784 [DEBUG] getattr: inode=1
2025-03-11 21:50:41,784 [DEBUG] Getting root attributes
2025-03-11 21:50:41,784 [DEBUG] get_root_attr took 0.0001 seconds
2025-03-11 21:50:42,277 [DEBUG] opendir: inode=1
2025-03-11 21:50:42,277 [DEBUG] readdir: fh=1, start_id=0
2025-03-11 21:50:42,277 [DEBUG] Getting root attributes
2025-03-11 21:50:42,277 [DEBUG] get_root_attr took 0.0000 seconds
2025-03-11 21:50:42,277 [DEBUG] Getting root attributes
2025-03-11 21:50:42,277 [DEBUG] get_root_attr took 0.0000 seconds
2025-03-11 21:50:42,277 [DEBUG] Getting file attributes for 'BigBuckBunny.mp4'
2025-03-11 21:50:42,277 [INFO] Fetching HEAD from remote
2025-03-11 21:50:42,278 [DEBUG] Starting new HTTP connection (1): commondatastorage.googleapis.com:80
2025-03-11 21:50:42,451 [DEBUG] http://commondatastorage.googleapis.com:80 "HEAD /gtv-videos-bucket/sample/BigBuckBunny.mp4 HTTP/1.1" 200 0
2025-03-11 21:50:42,451 [DEBUG] Size of 'BigBuckBunny.mp4': 158008374 bytes
2025-03-11 21:50:42,451 [DEBUG] get_file_attr took 0.1746 seconds
2025-03-11 21:50:42,451 [DEBUG] readdir: adding entry 'BigBuckBunny.mp4'
2025-03-11 21:50:42,452 [DEBUG] Getting file attributes for 'ElephantsDream.mp4'
2025-03-11 21:50:42,452 [INFO] Fetching HEAD from remote
2025-03-11 21:50:42,452 [DEBUG] Starting new HTTP connection (1): commondatastorage.googleapis.com:80
2025-03-11 21:50:42,586 [DEBUG] http://commondatastorage.googleapis.com:80 "HEAD /gtv-videos-bucket/sample/ElephantsDream.mp4 HTTP/1.1" 200 0
2025-03-11 21:50:42,587 [DEBUG] Size of 'ElephantsDream.mp4': 169612362 bytes
2025-03-11 21:50:42,587 [DEBUG] get_file_attr took 0.1351 seconds
2025-03-11 21:50:42,587 [DEBUG] readdir: adding entry 'ElephantsDream.mp4'
2025-03-11 21:50:42,587 [DEBUG] Getting file attributes for 'ForBiggerBlazes.mp4'
2025-03-11 21:50:42,587 [INFO] Fetching HEAD from remote
2025-03-11 21:50:42,587 [DEBUG] Starting new HTTP connection (1): commondatastorage.googleapis.com:80
2025-03-11 21:50:42,716 [DEBUG] http://commondatastorage.googleapis.com:80 "HEAD /gtv-videos-bucket/sample/ForBiggerBlazes.mp4 HTTP/1.1" 200 0
2025-03-11 21:50:42,716 [DEBUG] Size of 'ForBiggerBlazes.mp4': 2498125 bytes
2025-03-11 21:50:42,716 [DEBUG] get_file_attr took 0.1293 seconds
2025-03-11 21:50:42,716 [DEBUG] readdir: adding entry 'ForBiggerBlazes.mp4'
2025-03-11 21:50:42,716 [DEBUG] Getting file attributes for 'ForBiggerEscapes.mp4'
2025-03-11 21:50:42,716 [INFO] Fetching HEAD from remote
2025-03-11 21:50:42,717 [DEBUG] Starting new HTTP connection (1): commondatastorage.googleapis.com:80
2025-03-11 21:50:42,850 [DEBUG] http://commondatastorage.googleapis.com:80 "HEAD /gtv-videos-bucket/sample/ForBiggerEscapes.mp4 HTTP/1.1" 200 0
2025-03-11 21:50:42,850 [DEBUG] Size of 'ForBiggerEscapes.mp4': 2299653 bytes
2025-03-11 21:50:42,850 [DEBUG] get_file_attr took 0.1336 seconds
2025-03-11 21:50:42,850 [DEBUG] readdir: adding entry 'ForBiggerEscapes.mp4'
2025-03-11 21:50:42,850 [DEBUG] Getting file attributes for 'ForBiggerFun.mp4'
2025-03-11 21:50:42,850 [INFO] Fetching HEAD from remote
2025-03-11 21:50:42,851 [DEBUG] Starting new HTTP connection (1): commondatastorage.googleapis.com:80
2025-03-11 21:50:42,973 [DEBUG] http://commondatastorage.googleapis.com:80 "HEAD /gtv-videos-bucket/sample/ForBiggerFun.mp4 HTTP/1.1" 200 0
2025-03-11 21:50:42,973 [DEBUG] Size of 'ForBiggerFun.mp4': 12917485 bytes
2025-03-11 21:50:42,973 [DEBUG] get_file_attr took 0.1231 seconds
2025-03-11 21:50:42,973 [DEBUG] readdir: adding entry 'ForBiggerFun.mp4'
2025-03-11 21:50:42,973 [DEBUG] Getting file attributes for 'ForBiggerJoyrides.mp4'
2025-03-11 21:50:42,973 [INFO] Fetching HEAD from remote
2025-03-11 21:50:42,974 [DEBUG] Starting new HTTP connection (1): commondatastorage.googleapis.com:80
2025-03-11 21:50:43,099 [DEBUG] http://commondatastorage.googleapis.com:80 "HEAD /gtv-videos-bucket/sample/ForBiggerJoyrides.mp4 HTTP/1.1" 200 0
2025-03-11 21:50:43,099 [DEBUG] Size of 'ForBiggerJoyrides.mp4': 2372820 bytes
2025-03-11 21:50:43,099 [DEBUG] get_file_attr took 0.1258 seconds
2025-03-11 21:50:43,099 [DEBUG] readdir: adding entry 'ForBiggerJoyrides.mp4'
2025-03-11 21:50:43,099 [DEBUG] Getting file attributes for 'ForBiggerMeltdowns.mp4'
2025-03-11 21:50:43,099 [INFO] Fetching HEAD from remote
2025-03-11 21:50:43,100 [DEBUG] Starting new HTTP connection (1): commondatastorage.googleapis.com:80
2025-03-11 21:50:43,229 [DEBUG] http://commondatastorage.googleapis.com:80 "HEAD /gtv-videos-bucket/sample/ForBiggerMeltdowns.mp4 HTTP/1.1" 200 0
2025-03-11 21:50:43,229 [DEBUG] Size of 'ForBiggerMeltdowns.mp4': 2252313 bytes
2025-03-11 21:50:43,229 [DEBUG] get_file_attr took 0.1298 seconds
2025-03-11 21:50:43,229 [DEBUG] readdir: adding entry 'ForBiggerMeltdowns.mp4'
2025-03-11 21:50:43,229 [DEBUG] Getting file attributes for 'Sintel.mp4'
2025-03-11 21:50:43,229 [INFO] Fetching HEAD from remote
2025-03-11 21:50:43,230 [DEBUG] Starting new HTTP connection (1): commondatastorage.googleapis.com:80
2025-03-11 21:50:43,356 [DEBUG] http://commondatastorage.googleapis.com:80 "HEAD /gtv-videos-bucket/sample/Sintel.mp4 HTTP/1.1" 200 0
2025-03-11 21:50:43,356 [DEBUG] Size of 'Sintel.mp4': 190612452 bytes
2025-03-11 21:50:43,356 [DEBUG] get_file_attr took 0.1274 seconds
2025-03-11 21:50:43,356 [DEBUG] readdir: adding entry 'Sintel.mp4'
2025-03-11 21:50:43,356 [DEBUG] Getting file attributes for 'SubaruOutbackOnStreetAndDirt.mp4'
2025-03-11 21:50:43,357 [INFO] Fetching HEAD from remote
2025-03-11 21:50:43,357 [DEBUG] Starting new HTTP connection (1): commondatastorage.googleapis.com:80
2025-03-11 21:50:43,486 [DEBUG] http://commondatastorage.googleapis.com:80 "HEAD /gtv-videos-bucket/sample/SubaruOutbackOnStreetAndDirt.mp4 HTTP/1.1" 200 0
2025-03-11 21:50:43,486 [DEBUG] Size of 'SubaruOutbackOnStreetAndDirt.mp4': 48051822 bytes
2025-03-11 21:50:43,486 [DEBUG] get_file_attr took 0.1294 seconds
2025-03-11 21:50:43,486 [DEBUG] readdir: adding entry 'SubaruOutbackOnStreetAndDirt.mp4'
2025-03-11 21:50:43,486 [DEBUG] Getting file attributes for 'TearsOfSteel.mp4'
2025-03-11 21:50:43,486 [INFO] Fetching HEAD from remote
2025-03-11 21:50:43,486 [DEBUG] Starting new HTTP connection (1): commondatastorage.googleapis.com:80
2025-03-11 21:50:43,616 [DEBUG] http://commondatastorage.googleapis.com:80 "HEAD /gtv-videos-bucket/sample/TearsOfSteel.mp4 HTTP/1.1" 200 0
2025-03-11 21:50:43,616 [DEBUG] Size of 'TearsOfSteel.mp4': 185765954 bytes
2025-03-11 21:50:43,616 [DEBUG] get_file_attr took 0.1303 seconds
2025-03-11 21:50:43,616 [DEBUG] readdir: adding entry 'TearsOfSteel.mp4'
2025-03-11 21:50:43,616 [DEBUG] Getting file attributes for 'VolkswagenGTIReview.mp4'
2025-03-11 21:50:43,616 [INFO] Fetching HEAD from remote
2025-03-11 21:50:43,617 [DEBUG] Starting new HTTP connection (1): commondatastorage.googleapis.com:80
2025-03-11 21:50:43,744 [DEBUG] http://commondatastorage.googleapis.com:80 "HEAD /gtv-videos-bucket/sample/VolkswagenGTIReview.mp4 HTTP/1.1" 200 0
2025-03-11 21:50:43,744 [DEBUG] Size of 'VolkswagenGTIReview.mp4': 43780763 bytes
2025-03-11 21:50:43,744 [DEBUG] get_file_attr took 0.1279 seconds
2025-03-11 21:50:43,744 [DEBUG] readdir: adding entry 'VolkswagenGTIReview.mp4'
2025-03-11 21:50:43,744 [DEBUG] Getting file attributes for 'WeAreGoingOnBullrun.mp4'
2025-03-11 21:50:43,744 [INFO] Fetching HEAD from remote
2025-03-11 21:50:43,745 [DEBUG] Starting new HTTP connection (1): commondatastorage.googleapis.com:80
2025-03-11 21:50:43,867 [DEBUG] http://commondatastorage.googleapis.com:80 "HEAD /gtv-videos-bucket/sample/WeAreGoingOnBullrun.mp4 HTTP/1.1" 200 0
2025-03-11 21:50:43,867 [DEBUG] Size of 'WeAreGoingOnBullrun.mp4': 13183260 bytes
2025-03-11 21:50:43,867 [DEBUG] get_file_attr took 0.1228 seconds
2025-03-11 21:50:43,867 [DEBUG] readdir: adding entry 'WeAreGoingOnBullrun.mp4'
2025-03-11 21:50:43,867 [DEBUG] Getting file attributes for 'WhatCarCanYouGetForAGrand.mp4'
2025-03-11 21:50:43,867 [INFO] Fetching HEAD from remote
2025-03-11 21:50:43,868 [DEBUG] Starting new HTTP connection (1): commondatastorage.googleapis.com:80
2025-03-11 21:50:43,993 [DEBUG] http://commondatastorage.googleapis.com:80 "HEAD /gtv-videos-bucket/sample/WhatCarCanYouGetForAGrand.mp4 HTTP/1.1" 200 0
2025-03-11 21:50:43,994 [DEBUG] Size of 'WhatCarCanYouGetForAGrand.mp4': 45577410 bytes
2025-03-11 21:50:43,994 [DEBUG] get_file_attr took 0.1264 seconds
2025-03-11 21:50:43,994 [DEBUG] readdir: adding entry 'WhatCarCanYouGetForAGrand.mp4'
2025-03-11 21:50:43,994 [DEBUG] readdir: fh=1, start_id=15
2025-03-11 21:50:43,994 [DEBUG] Getting root attributes
2025-03-11 21:50:43,994 [DEBUG] get_root_attr took 0.0000 seconds
2025-03-11 21:50:43,994 [DEBUG] Getting root attributes
2025-03-11 21:50:43,994 [DEBUG] get_root_attr took 0.0000 seconds
2025-03-11 21:50:43,994 [DEBUG] Getting file attributes for 'BigBuckBunny.mp4'
2025-03-11 21:50:43,994 [DEBUG] Returning cached file attributes for 'BigBuckBunny.mp4'
2025-03-11 21:50:43,994 [DEBUG] get_file_attr took 0.0000 seconds
2025-03-11 21:50:43,994 [DEBUG] readdir: adding entry 'BigBuckBunny.mp4'
2025-03-11 21:50:43,994 [DEBUG] Getting file attributes for 'ElephantsDream.mp4'
2025-03-11 21:50:43,994 [DEBUG] Returning cached file attributes for 'ElephantsDream.mp4'
2025-03-11 21:50:43,994 [DEBUG] get_file_attr took 0.0000 seconds
2025-03-11 21:50:43,994 [DEBUG] readdir: adding entry 'ElephantsDream.mp4'
2025-03-11 21:50:43,994 [DEBUG] Getting file attributes for 'ForBiggerBlazes.mp4'
2025-03-11 21:50:43,994 [DEBUG] Returning cached file attributes for 'ForBiggerBlazes.mp4'
2025-03-11 21:50:43,994 [DEBUG] get_file_attr took 0.0000 seconds
2025-03-11 21:50:43,994 [DEBUG] readdir: adding entry 'ForBiggerBlazes.mp4'
2025-03-11 21:50:43,994 [DEBUG] Getting file attributes for 'ForBiggerEscapes.mp4'
2025-03-11 21:50:43,994 [DEBUG] Returning cached file attributes for 'ForBiggerEscapes.mp4'
2025-03-11 21:50:43,994 [DEBUG] get_file_attr took 0.0000 seconds
2025-03-11 21:50:43,994 [DEBUG] readdir: adding entry 'ForBiggerEscapes.mp4'
2025-03-11 21:50:43,994 [DEBUG] Getting file attributes for 'ForBiggerFun.mp4'
2025-03-11 21:50:43,994 [DEBUG] Returning cached file attributes for 'ForBiggerFun.mp4'
2025-03-11 21:50:43,994 [DEBUG] get_file_attr took 0.0000 seconds
2025-03-11 21:50:43,994 [DEBUG] readdir: adding entry 'ForBiggerFun.mp4'
2025-03-11 21:50:43,994 [DEBUG] Getting file attributes for 'ForBiggerJoyrides.mp4'
2025-03-11 21:50:43,994 [DEBUG] Returning cached file attributes for 'ForBiggerJoyrides.mp4'
2025-03-11 21:50:43,994 [DEBUG] get_file_attr took 0.0000 seconds
2025-03-11 21:50:43,994 [DEBUG] readdir: adding entry 'ForBiggerJoyrides.mp4'
2025-03-11 21:50:43,994 [DEBUG] Getting file attributes for 'ForBiggerMeltdowns.mp4'
2025-03-11 21:50:43,995 [DEBUG] Returning cached file attributes for 'ForBiggerMeltdowns.mp4'
2025-03-11 21:50:43,995 [DEBUG] get_file_attr took 0.0000 seconds
2025-03-11 21:50:43,995 [DEBUG] readdir: adding entry 'ForBiggerMeltdowns.mp4'
2025-03-11 21:50:43,995 [DEBUG] Getting file attributes for 'Sintel.mp4'
2025-03-11 21:50:43,995 [DEBUG] Returning cached file attributes for 'Sintel.mp4'
2025-03-11 21:50:43,995 [DEBUG] get_file_attr took 0.0000 seconds
2025-03-11 21:50:43,995 [DEBUG] readdir: adding entry 'Sintel.mp4'
2025-03-11 21:50:43,995 [DEBUG] Getting file attributes for 'SubaruOutbackOnStreetAndDirt.mp4'
2025-03-11 21:50:43,995 [DEBUG] Returning cached file attributes for 'SubaruOutbackOnStreetAndDirt.mp4'
2025-03-11 21:50:43,995 [DEBUG] get_file_attr took 0.0000 seconds
2025-03-11 21:50:43,995 [DEBUG] readdir: adding entry 'SubaruOutbackOnStreetAndDirt.mp4'
2025-03-11 21:50:43,995 [DEBUG] Getting file attributes for 'TearsOfSteel.mp4'
2025-03-11 21:50:43,995 [DEBUG] Returning cached file attributes for 'TearsOfSteel.mp4'
2025-03-11 21:50:43,995 [DEBUG] get_file_attr took 0.0000 seconds
2025-03-11 21:50:43,995 [DEBUG] readdir: adding entry 'TearsOfSteel.mp4'
2025-03-11 21:50:43,995 [DEBUG] Getting file attributes for 'VolkswagenGTIReview.mp4'
2025-03-11 21:50:43,995 [DEBUG] Returning cached file attributes for 'VolkswagenGTIReview.mp4'
2025-03-11 21:50:43,995 [DEBUG] get_file_attr took 0.0001 seconds
2025-03-11 21:50:43,995 [DEBUG] readdir: adding entry 'VolkswagenGTIReview.mp4'
2025-03-11 21:50:43,995 [DEBUG] Getting file attributes for 'WeAreGoingOnBullrun.mp4'
2025-03-11 21:50:43,995 [DEBUG] Returning cached file attributes for 'WeAreGoingOnBullrun.mp4'
2025-03-11 21:50:43,995 [DEBUG] get_file_attr took 0.0000 seconds
2025-03-11 21:50:43,995 [DEBUG] readdir: adding entry 'WeAreGoingOnBullrun.mp4'
2025-03-11 21:50:43,995 [DEBUG] Getting file attributes for 'WhatCarCanYouGetForAGrand.mp4'
2025-03-11 21:50:43,995 [DEBUG] Returning cached file attributes for 'WhatCarCanYouGetForAGrand.mp4'
2025-03-11 21:50:43,995 [DEBUG] get_file_attr took 0.0000 seconds
2025-03-11 21:50:43,995 [DEBUG] readdir: adding entry 'WhatCarCanYouGetForAGrand.mp4'
2025-03-11 21:50:44,043 [DEBUG] opendir: inode=1
2025-03-11 21:50:44,043 [DEBUG] readdir: fh=2, start_id=0
2025-03-11 21:50:44,044 [DEBUG] Getting root attributes
2025-03-11 21:50:44,044 [DEBUG] get_root_attr took 0.0000 seconds
2025-03-11 21:50:44,044 [DEBUG] Getting root attributes
2025-03-11 21:50:44,044 [DEBUG] get_root_attr took 0.0000 seconds
2025-03-11 21:50:44,044 [DEBUG] Getting file attributes for 'BigBuckBunny.mp4'
2025-03-11 21:50:44,044 [DEBUG] Returning cached file attributes for 'BigBuckBunny.mp4'
2025-03-11 21:50:44,044 [DEBUG] get_file_attr took 0.0000 seconds
2025-03-11 21:50:44,044 [DEBUG] readdir: adding entry 'BigBuckBunny.mp4'
2025-03-11 21:50:44,044 [DEBUG] Getting file attributes for 'ElephantsDream.mp4'
2025-03-11 21:50:44,044 [DEBUG] Returning cached file attributes for 'ElephantsDream.mp4'
2025-03-11 21:50:44,044 [DEBUG] get_file_attr took 0.0000 seconds
2025-03-11 21:50:44,044 [DEBUG] readdir: adding entry 'ElephantsDream.mp4'
2025-03-11 21:50:44,044 [DEBUG] Getting file attributes for 'ForBiggerBlazes.mp4'
2025-03-11 21:50:44,044 [DEBUG] Returning cached file attributes for 'ForBiggerBlazes.mp4'
2025-03-11 21:50:44,044 [DEBUG] get_file_attr took 0.0000 seconds
2025-03-11 21:50:44,044 [DEBUG] readdir: adding entry 'ForBiggerBlazes.mp4'
2025-03-11 21:50:44,044 [DEBUG] Getting file attributes for 'ForBiggerEscapes.mp4'
2025-03-11 21:50:44,044 [DEBUG] Returning cached file attributes for 'ForBiggerEscapes.mp4'
2025-03-11 21:50:44,044 [DEBUG] get_file_attr took 0.0000 seconds
2025-03-11 21:50:44,044 [DEBUG] readdir: adding entry 'ForBiggerEscapes.mp4'
2025-03-11 21:50:44,044 [DEBUG] Getting file attributes for 'ForBiggerFun.mp4'
2025-03-11 21:50:44,044 [DEBUG] Returning cached file attributes for 'ForBiggerFun.mp4'
2025-03-11 21:50:44,044 [DEBUG] get_file_attr took 0.0000 seconds
2025-03-11 21:50:44,044 [DEBUG] readdir: adding entry 'ForBiggerFun.mp4'
2025-03-11 21:50:44,044 [DEBUG] Getting file attributes for 'ForBiggerJoyrides.mp4'
2025-03-11 21:50:44,044 [DEBUG] Returning cached file attributes for 'ForBiggerJoyrides.mp4'
2025-03-11 21:50:44,044 [DEBUG] get_file_attr took 0.0000 seconds
2025-03-11 21:50:44,044 [DEBUG] readdir: adding entry 'ForBiggerJoyrides.mp4'
2025-03-11 21:50:44,044 [DEBUG] Getting file attributes for 'ForBiggerMeltdowns.mp4'
2025-03-11 21:50:44,044 [DEBUG] Returning cached file attributes for 'ForBiggerMeltdowns.mp4'
2025-03-11 21:50:44,044 [DEBUG] get_file_attr took 0.0000 seconds
2025-03-11 21:50:44,044 [DEBUG] readdir: adding entry 'ForBiggerMeltdowns.mp4'
2025-03-11 21:50:44,044 [DEBUG] Getting file attributes for 'Sintel.mp4'
2025-03-11 21:50:44,044 [DEBUG] Returning cached file attributes for 'Sintel.mp4'
2025-03-11 21:50:44,044 [DEBUG] get_file_attr took 0.0000 seconds
2025-03-11 21:50:44,044 [DEBUG] readdir: adding entry 'Sintel.mp4'
2025-03-11 21:50:44,044 [DEBUG] Getting file attributes for 'SubaruOutbackOnStreetAndDirt.mp4'
2025-03-11 21:50:44,044 [DEBUG] Returning cached file attributes for 'SubaruOutbackOnStreetAndDirt.mp4'
2025-03-11 21:50:44,044 [DEBUG] get_file_attr took 0.0000 seconds
2025-03-11 21:50:44,044 [DEBUG] readdir: adding entry 'SubaruOutbackOnStreetAndDirt.mp4'
2025-03-11 21:50:44,044 [DEBUG] Getting file attributes for 'TearsOfSteel.mp4'
2025-03-11 21:50:44,044 [DEBUG] Returning cached file attributes for 'TearsOfSteel.mp4'
2025-03-11 21:50:44,044 [DEBUG] get_file_attr took 0.0000 seconds
2025-03-11 21:50:44,044 [DEBUG] readdir: adding entry 'TearsOfSteel.mp4'
2025-03-11 21:50:44,044 [DEBUG] Getting file attributes for 'VolkswagenGTIReview.mp4'
2025-03-11 21:50:44,044 [DEBUG] Returning cached file attributes for 'VolkswagenGTIReview.mp4'
2025-03-11 21:50:44,044 [DEBUG] get_file_attr took 0.0000 seconds
2025-03-11 21:50:44,044 [DEBUG] readdir: adding entry 'VolkswagenGTIReview.mp4'
2025-03-11 21:50:44,044 [DEBUG] Getting file attributes for 'WeAreGoingOnBullrun.mp4'
2025-03-11 21:50:44,044 [DEBUG] Returning cached file attributes for 'WeAreGoingOnBullrun.mp4'
2025-03-11 21:50:44,044 [DEBUG] get_file_attr took 0.0000 seconds
2025-03-11 21:50:44,044 [DEBUG] readdir: adding entry 'WeAreGoingOnBullrun.mp4'
2025-03-11 21:50:44,044 [DEBUG] Getting file attributes for 'WhatCarCanYouGetForAGrand.mp4'
2025-03-11 21:50:44,044 [DEBUG] Returning cached file attributes for 'WhatCarCanYouGetForAGrand.mp4'
2025-03-11 21:50:44,044 [DEBUG] get_file_attr took 0.0000 seconds
2025-03-11 21:50:44,045 [DEBUG] readdir: adding entry 'WhatCarCanYouGetForAGrand.mp4'
2025-03-11 21:50:44,045 [DEBUG] readdir: fh=2, start_id=15
2025-03-11 21:50:44,045 [DEBUG] Getting root attributes
2025-03-11 21:50:44,045 [DEBUG] get_root_attr took 0.0000 seconds
2025-03-11 21:50:44,045 [DEBUG] Getting root attributes
2025-03-11 21:50:44,045 [DEBUG] get_root_attr took 0.0000 seconds
2025-03-11 21:50:44,045 [DEBUG] Getting file attributes for 'BigBuckBunny.mp4'
2025-03-11 21:50:44,045 [DEBUG] Returning cached file attributes for 'BigBuckBunny.mp4'
2025-03-11 21:50:44,045 [DEBUG] get_file_attr took 0.0000 seconds
2025-03-11 21:50:44,045 [DEBUG] readdir: adding entry 'BigBuckBunny.mp4'
2025-03-11 21:50:44,045 [DEBUG] Getting file attributes for 'ElephantsDream.mp4'
2025-03-11 21:50:44,045 [DEBUG] Returning cached file attributes for 'ElephantsDream.mp4'
2025-03-11 21:50:44,045 [DEBUG] get_file_attr took 0.0000 seconds
2025-03-11 21:50:44,045 [DEBUG] readdir: adding entry 'ElephantsDream.mp4'
2025-03-11 21:50:44,045 [DEBUG] Getting file attributes for 'ForBiggerBlazes.mp4'
2025-03-11 21:50:44,045 [DEBUG] Returning cached file attributes for 'ForBiggerBlazes.mp4'
2025-03-11 21:50:44,045 [DEBUG] get_file_attr took 0.0000 seconds
2025-03-11 21:50:44,045 [DEBUG] readdir: adding entry 'ForBiggerBlazes.mp4'
2025-03-11 21:50:44,045 [DEBUG] Getting file attributes for 'ForBiggerEscapes.mp4'
2025-03-11 21:50:44,045 [DEBUG] Returning cached file attributes for 'ForBiggerEscapes.mp4'
2025-03-11 21:50:44,045 [DEBUG] get_file_attr took 0.0000 seconds
2025-03-11 21:50:44,045 [DEBUG] readdir: adding entry 'ForBiggerEscapes.mp4'
2025-03-11 21:50:44,045 [DEBUG] Getting file attributes for 'ForBiggerFun.mp4'
2025-03-11 21:50:44,045 [DEBUG] Returning cached file attributes for 'ForBiggerFun.mp4'
2025-03-11 21:50:44,045 [DEBUG] get_file_attr took 0.0001 seconds
2025-03-11 21:50:44,045 [DEBUG] readdir: adding entry 'ForBiggerFun.mp4'
2025-03-11 21:50:44,045 [DEBUG] Getting file attributes for 'ForBiggerJoyrides.mp4'
2025-03-11 21:50:44,045 [DEBUG] Returning cached file attributes for 'ForBiggerJoyrides.mp4'
2025-03-11 21:50:44,045 [DEBUG] get_file_attr took 0.0000 seconds
2025-03-11 21:50:44,045 [DEBUG] readdir: adding entry 'ForBiggerJoyrides.mp4'
2025-03-11 21:50:44,045 [DEBUG] Getting file attributes for 'ForBiggerMeltdowns.mp4'
2025-03-11 21:50:44,045 [DEBUG] Returning cached file attributes for 'ForBiggerMeltdowns.mp4'
2025-03-11 21:50:44,045 [DEBUG] get_file_attr took 0.0000 seconds
2025-03-11 21:50:44,045 [DEBUG] readdir: adding entry 'ForBiggerMeltdowns.mp4'
2025-03-11 21:50:44,045 [DEBUG] Getting file attributes for 'Sintel.mp4'
2025-03-11 21:50:44,045 [DEBUG] Returning cached file attributes for 'Sintel.mp4'
2025-03-11 21:50:44,045 [DEBUG] get_file_attr took 0.0000 seconds
2025-03-11 21:50:44,045 [DEBUG] readdir: adding entry 'Sintel.mp4'
2025-03-11 21:50:44,045 [DEBUG] Getting file attributes for 'SubaruOutbackOnStreetAndDirt.mp4'
2025-03-11 21:50:44,045 [DEBUG] Returning cached file attributes for 'SubaruOutbackOnStreetAndDirt.mp4'
2025-03-11 21:50:44,045 [DEBUG] get_file_attr took 0.0000 seconds
2025-03-11 21:50:44,045 [DEBUG] readdir: adding entry 'SubaruOutbackOnStreetAndDirt.mp4'
2025-03-11 21:50:44,046 [DEBUG] Getting file attributes for 'TearsOfSteel.mp4'
2025-03-11 21:50:44,046 [DEBUG] Returning cached file attributes for 'TearsOfSteel.mp4'
2025-03-11 21:50:44,046 [DEBUG] get_file_attr took 0.0000 seconds
2025-03-11 21:50:44,046 [DEBUG] readdir: adding entry 'TearsOfSteel.mp4'
2025-03-11 21:50:44,046 [DEBUG] Getting file attributes for 'VolkswagenGTIReview.mp4'
2025-03-11 21:50:44,046 [DEBUG] Returning cached file attributes for 'VolkswagenGTIReview.mp4'
2025-03-11 21:50:44,046 [DEBUG] get_file_attr took 0.0000 seconds
2025-03-11 21:50:44,046 [DEBUG] readdir: adding entry 'VolkswagenGTIReview.mp4'
2025-03-11 21:50:44,046 [DEBUG] Getting file attributes for 'WeAreGoingOnBullrun.mp4'
2025-03-11 21:50:44,046 [DEBUG] Returning cached file attributes for 'WeAreGoingOnBullrun.mp4'
2025-03-11 21:50:44,046 [DEBUG] get_file_attr took 0.0000 seconds
2025-03-11 21:50:44,046 [DEBUG] readdir: adding entry 'WeAreGoingOnBullrun.mp4'
2025-03-11 21:50:44,046 [DEBUG] Getting file attributes for 'WhatCarCanYouGetForAGrand.mp4'
2025-03-11 21:50:44,046 [DEBUG] Returning cached file attributes for 'WhatCarCanYouGetForAGrand.mp4'
2025-03-11 21:50:44,046 [DEBUG] get_file_attr took 0.0000 seconds
2025-03-11 21:50:44,046 [DEBUG] readdir: adding entry 'WhatCarCanYouGetForAGrand.mp4'
2025-03-11 21:50:44,047 [ERROR] lookup: '.hidden' not found
2025-03-11 21:50:44,064 [ERROR] lookup: '.mise.local.toml' not found
2025-03-11 21:50:44,064 [ERROR] lookup: '.mise.local.toml' not found
2025-03-11 21:50:44,064 [ERROR] lookup: '.mise.local.toml' not found
2025-03-11 21:50:44,064 [ERROR] lookup: 'mise.local.toml' not found
2025-03-11 21:50:44,064 [ERROR] lookup: 'mise.local.toml' not found
2025-03-11 21:50:44,064 [ERROR] lookup: 'mise.local.toml' not found
2025-03-11 21:50:44,064 [ERROR] lookup: '.rtx.local.toml' not found
2025-03-11 21:50:44,064 [ERROR] lookup: '.rtx.local.toml' not found
2025-03-11 21:50:44,064 [ERROR] lookup: '.rtx.local.toml' not found
2025-03-11 21:50:44,064 [ERROR] lookup: '.mise' not found
2025-03-11 21:50:44,065 [ERROR] lookup: '.mise' not found
2025-03-11 21:50:44,065 [ERROR] lookup: '.mise' not found
2025-03-11 21:50:44,065 [ERROR] lookup: '.config' not found
2025-03-11 21:50:44,065 [ERROR] lookup: '.config' not found
2025-03-11 21:50:44,065 [ERROR] lookup: '.config' not found
2025-03-11 21:50:44,065 [ERROR] lookup: '.config' not found
2025-03-11 21:50:44,065 [ERROR] lookup: '.config' not found
2025-03-11 21:50:44,065 [ERROR] lookup: '.config' not found
2025-03-11 21:50:44,065 [ERROR] lookup: '.mise.toml' not found
2025-03-11 21:50:44,065 [ERROR] lookup: '.mise.toml' not found
2025-03-11 21:50:44,065 [ERROR] lookup: '.mise.toml' not found
2025-03-11 21:50:44,065 [ERROR] lookup: 'mise.toml' not found
2025-03-11 21:50:44,065 [ERROR] lookup: 'mise.toml' not found
2025-03-11 21:50:44,065 [ERROR] lookup: 'mise.toml' not found
2025-03-11 21:50:44,065 [ERROR] lookup: '.rtx.toml' not found
2025-03-11 21:50:44,065 [ERROR] lookup: '.rtx.toml' not found
2025-03-11 21:50:44,065 [ERROR] lookup: '.rtx.toml' not found
2025-03-11 21:50:44,066 [ERROR] lookup: 'mise' not found
2025-03-11 21:50:44,066 [ERROR] lookup: 'mise' not found
2025-03-11 21:50:44,066 [ERROR] lookup: 'mise' not found
2025-03-11 21:50:44,066 [ERROR] lookup: '.mise' not found
2025-03-11 21:50:44,066 [ERROR] lookup: '.mise' not found
2025-03-11 21:50:44,066 [ERROR] lookup: '.mise' not found
2025-03-11 21:50:44,066 [ERROR] lookup: '.config' not found
2025-03-11 21:50:44,066 [ERROR] lookup: '.config' not found
2025-03-11 21:50:44,066 [ERROR] lookup: '.config' not found
2025-03-11 21:50:44,066 [ERROR] lookup: '.config' not found
2025-03-11 21:50:44,066 [ERROR] lookup: '.config' not found
2025-03-11 21:50:44,066 [ERROR] lookup: '.config' not found
2025-03-11 21:50:44,067 [ERROR] lookup: '.config' not found
2025-03-11 21:50:44,067 [ERROR] lookup: '.config' not found
2025-03-11 21:50:44,067 [ERROR] lookup: '.config' not found
2025-03-11 21:50:44,069 [ERROR] lookup: '.mise.local.toml' not found
2025-03-11 21:50:44,069 [ERROR] lookup: '.mise.local.toml' not found
2025-03-11 21:50:44,069 [ERROR] lookup: '.mise.local.toml' not found
2025-03-11 21:50:44,069 [ERROR] lookup: 'mise.local.toml' not found
2025-03-11 21:50:44,069 [ERROR] lookup: 'mise.local.toml' not found
2025-03-11 21:50:44,069 [ERROR] lookup: 'mise.local.toml' not found
2025-03-11 21:50:44,069 [ERROR] lookup: '.rtx.local.toml' not found
2025-03-11 21:50:44,069 [ERROR] lookup: '.rtx.local.toml' not found
2025-03-11 21:50:44,069 [ERROR] lookup: '.rtx.local.toml' not found
2025-03-11 21:50:44,070 [ERROR] lookup: '.mise' not found
2025-03-11 21:50:44,070 [ERROR] lookup: '.mise' not found
2025-03-11 21:50:44,070 [ERROR] lookup: '.mise' not found
2025-03-11 21:50:44,070 [ERROR] lookup: '.config' not found
2025-03-11 21:50:44,070 [ERROR] lookup: '.config' not found
2025-03-11 21:50:44,070 [ERROR] lookup: '.config' not found
2025-03-11 21:50:44,070 [ERROR] lookup: '.config' not found
2025-03-11 21:50:44,070 [ERROR] lookup: '.config' not found
2025-03-11 21:50:44,070 [ERROR] lookup: '.config' not found
2025-03-11 21:50:44,070 [ERROR] lookup: '.mise.toml' not found
2025-03-11 21:50:44,070 [ERROR] lookup: '.mise.toml' not found
2025-03-11 21:50:44,070 [ERROR] lookup: '.mise.toml' not found
2025-03-11 21:50:44,070 [ERROR] lookup: 'mise.toml' not found
2025-03-11 21:50:44,070 [ERROR] lookup: 'mise.toml' not found
2025-03-11 21:50:44,070 [ERROR] lookup: 'mise.toml' not found
2025-03-11 21:50:44,070 [ERROR] lookup: '.rtx.toml' not found
2025-03-11 21:50:44,070 [ERROR] lookup: '.rtx.toml' not found
2025-03-11 21:50:44,070 [ERROR] lookup: '.rtx.toml' not found
2025-03-11 21:50:44,070 [ERROR] lookup: 'mise' not found
2025-03-11 21:50:44,070 [ERROR] lookup: 'mise' not found
2025-03-11 21:50:44,071 [ERROR] lookup: 'mise' not found
2025-03-11 21:50:44,071 [ERROR] lookup: '.mise' not found
2025-03-11 21:50:44,071 [ERROR] lookup: '.mise' not found
2025-03-11 21:50:44,071 [ERROR] lookup: '.mise' not found
2025-03-11 21:50:44,071 [ERROR] lookup: '.config' not found
2025-03-11 21:50:44,071 [ERROR] lookup: '.config' not found
2025-03-11 21:50:44,071 [ERROR] lookup: '.config' not found
2025-03-11 21:50:44,071 [ERROR] lookup: '.config' not found
2025-03-11 21:50:44,071 [ERROR] lookup: '.config' not found
2025-03-11 21:50:44,071 [ERROR] lookup: '.config' not found
2025-03-11 21:50:44,071 [ERROR] lookup: '.config' not found
2025-03-11 21:50:44,071 [ERROR] lookup: '.config' not found
2025-03-11 21:50:44,071 [ERROR] lookup: '.config' not found
2025-03-11 21:50:44,071 [ERROR] lookup: '.tool-versions' not found
2025-03-11 21:50:44,071 [ERROR] lookup: '.tool-versions' not found
2025-03-11 21:50:44,071 [ERROR] lookup: '.tool-versions' not found
2025-03-11 21:50:44,071 [ERROR] lookup: 'rust-toolchain.toml' not found
2025-03-11 21:50:44,071 [ERROR] lookup: 'rust-toolchain.toml' not found
2025-03-11 21:50:44,071 [ERROR] lookup: 'rust-toolchain.toml' not found
2025-03-11 21:50:44,071 [ERROR] lookup: 'Gemfile' not found
2025-03-11 21:50:44,071 [ERROR] lookup: 'Gemfile' not found
2025-03-11 21:50:44,071 [ERROR] lookup: 'Gemfile' not found
2025-03-11 21:50:44,072 [ERROR] lookup: '.zig-version' not found
2025-03-11 21:50:44,072 [ERROR] lookup: '.zig-version' not found
2025-03-11 21:50:44,072 [ERROR] lookup: '.zig-version' not found
2025-03-11 21:50:44,072 [ERROR] lookup: '.terraform-version' not found
2025-03-11 21:50:44,072 [ERROR] lookup: '.terraform-version' not found
2025-03-11 21:50:44,072 [ERROR] lookup: '.terraform-version' not found
2025-03-11 21:50:44,072 [ERROR] lookup: '.swift-version' not found
2025-03-11 21:50:44,072 [ERROR] lookup: '.swift-version' not found
2025-03-11 21:50:44,072 [ERROR] lookup: '.swift-version' not found
2025-03-11 21:50:44,072 [ERROR] lookup: '.sdkmanrc' not found
2025-03-11 21:50:44,072 [ERROR] lookup: '.sdkmanrc' not found
2025-03-11 21:50:44,072 [ERROR] lookup: '.sdkmanrc' not found
2025-03-11 21:50:44,072 [ERROR] lookup: '.ruby-version' not found
2025-03-11 21:50:44,072 [ERROR] lookup: '.ruby-version' not found
2025-03-11 21:50:44,072 [ERROR] lookup: '.ruby-version' not found
2025-03-11 21:50:44,072 [ERROR] lookup: '.python-versions' not found
2025-03-11 21:50:44,072 [ERROR] lookup: '.python-versions' not found
2025-03-11 21:50:44,072 [ERROR] lookup: '.python-versions' not found
2025-03-11 21:50:44,073 [ERROR] lookup: '.python-version' not found
2025-03-11 21:50:44,073 [ERROR] lookup: '.python-version' not found
2025-03-11 21:50:44,073 [ERROR] lookup: '.python-version' not found
2025-03-11 21:50:44,073 [ERROR] lookup: '.nvmrc' not found
2025-03-11 21:50:44,073 [ERROR] lookup: '.nvmrc' not found
2025-03-11 21:50:44,073 [ERROR] lookup: '.nvmrc' not found
2025-03-11 21:50:44,073 [ERROR] lookup: '.node-version' not found
2025-03-11 21:50:44,073 [ERROR] lookup: '.node-version' not found
2025-03-11 21:50:44,073 [ERROR] lookup: '.node-version' not found
2025-03-11 21:50:44,073 [ERROR] lookup: '.java-version' not found
2025-03-11 21:50:44,073 [ERROR] lookup: '.java-version' not found
2025-03-11 21:50:44,073 [ERROR] lookup: '.java-version' not found
2025-03-11 21:50:44,073 [ERROR] lookup: '.go-version' not found
2025-03-11 21:50:44,073 [ERROR] lookup: '.go-version' not found
2025-03-11 21:50:44,073 [ERROR] lookup: '.go-version' not found
2025-03-11 21:50:44,073 [ERROR] lookup: '.deno-version' not found
2025-03-11 21:50:44,073 [ERROR] lookup: '.deno-version' not found
2025-03-11 21:50:44,073 [ERROR] lookup: '.deno-version' not found
2025-03-11 21:50:44,073 [ERROR] lookup: '.bun-version' not found
2025-03-11 21:50:44,073 [ERROR] lookup: '.bun-version' not found
2025-03-11 21:50:44,074 [ERROR] lookup: '.bun-version' not found
2025-03-11 21:50:44,097 [ERROR] lookup: '.mise.local.toml' not found
2025-03-11 21:50:44,097 [ERROR] lookup: '.mise.local.toml' not found
2025-03-11 21:50:44,097 [ERROR] lookup: '.mise.local.toml' not found
2025-03-11 21:50:44,097 [ERROR] lookup: 'mise.local.toml' not found
2025-03-11 21:50:44,097 [ERROR] lookup: 'mise.local.toml' not found
2025-03-11 21:50:44,097 [ERROR] lookup: 'mise.local.toml' not found
2025-03-11 21:50:44,097 [ERROR] lookup: '.rtx.local.toml' not found
2025-03-11 21:50:44,097 [ERROR] lookup: '.rtx.local.toml' not found
2025-03-11 21:50:44,097 [ERROR] lookup: '.rtx.local.toml' not found
2025-03-11 21:50:44,097 [ERROR] lookup: '.mise' not found
2025-03-11 21:50:44,097 [ERROR] lookup: '.mise' not found
2025-03-11 21:50:44,097 [ERROR] lookup: '.mise' not found
2025-03-11 21:50:44,098 [ERROR] lookup: '.config' not found
2025-03-11 21:50:44,098 [ERROR] lookup: '.config' not found
2025-03-11 21:50:44,098 [ERROR] lookup: '.config' not found
2025-03-11 21:50:44,098 [ERROR] lookup: '.config' not found
2025-03-11 21:50:44,098 [ERROR] lookup: '.config' not found
2025-03-11 21:50:44,098 [ERROR] lookup: '.config' not found
2025-03-11 21:50:44,098 [ERROR] lookup: '.mise.toml' not found
2025-03-11 21:50:44,098 [ERROR] lookup: '.mise.toml' not found
2025-03-11 21:50:44,098 [ERROR] lookup: '.mise.toml' not found
2025-03-11 21:50:44,098 [ERROR] lookup: 'mise.toml' not found
2025-03-11 21:50:44,098 [ERROR] lookup: 'mise.toml' not found
2025-03-11 21:50:44,098 [ERROR] lookup: 'mise.toml' not found
2025-03-11 21:50:44,098 [ERROR] lookup: '.rtx.toml' not found
2025-03-11 21:50:44,098 [ERROR] lookup: '.rtx.toml' not found
2025-03-11 21:50:44,098 [ERROR] lookup: '.rtx.toml' not found
2025-03-11 21:50:44,098 [ERROR] lookup: 'mise' not found
2025-03-11 21:50:44,098 [ERROR] lookup: 'mise' not found
2025-03-11 21:50:44,098 [ERROR] lookup: 'mise' not found
2025-03-11 21:50:44,099 [ERROR] lookup: '.mise' not found
2025-03-11 21:50:44,099 [ERROR] lookup: '.mise' not found
2025-03-11 21:50:44,099 [ERROR] lookup: '.mise' not found
2025-03-11 21:50:44,099 [ERROR] lookup: '.config' not found
2025-03-11 21:50:44,099 [ERROR] lookup: '.config' not found
2025-03-11 21:50:44,099 [ERROR] lookup: '.config' not found
2025-03-11 21:50:44,099 [ERROR] lookup: '.config' not found
2025-03-11 21:50:44,099 [ERROR] lookup: '.config' not found
2025-03-11 21:50:44,099 [ERROR] lookup: '.config' not found
2025-03-11 21:50:44,099 [ERROR] lookup: '.config' not found
2025-03-11 21:50:44,099 [ERROR] lookup: '.config' not found
2025-03-11 21:50:44,099 [ERROR] lookup: '.config' not found
2025-03-11 21:50:44,101 [ERROR] lookup: '.mise.local.toml' not found
2025-03-11 21:50:44,101 [ERROR] lookup: '.mise.local.toml' not found
2025-03-11 21:50:44,101 [ERROR] lookup: '.mise.local.toml' not found
2025-03-11 21:50:44,101 [ERROR] lookup: 'mise.local.toml' not found
2025-03-11 21:50:44,101 [ERROR] lookup: 'mise.local.toml' not found
2025-03-11 21:50:44,101 [ERROR] lookup: 'mise.local.toml' not found
2025-03-11 21:50:44,101 [ERROR] lookup: '.rtx.local.toml' not found
2025-03-11 21:50:44,101 [ERROR] lookup: '.rtx.local.toml' not found
2025-03-11 21:50:44,101 [ERROR] lookup: '.rtx.local.toml' not found
2025-03-11 21:50:44,101 [ERROR] lookup: '.mise' not found
2025-03-11 21:50:44,101 [ERROR] lookup: '.mise' not found
2025-03-11 21:50:44,101 [ERROR] lookup: '.mise' not found
2025-03-11 21:50:44,101 [ERROR] lookup: '.config' not found
2025-03-11 21:50:44,101 [ERROR] lookup: '.config' not found
2025-03-11 21:50:44,101 [ERROR] lookup: '.config' not found
2025-03-11 21:50:44,101 [ERROR] lookup: '.config' not found
2025-03-11 21:50:44,102 [ERROR] lookup: '.config' not found
2025-03-11 21:50:44,102 [ERROR] lookup: '.config' not found
2025-03-11 21:50:44,102 [ERROR] lookup: '.mise.toml' not found
2025-03-11 21:50:44,102 [ERROR] lookup: '.mise.toml' not found
2025-03-11 21:50:44,102 [ERROR] lookup: '.mise.toml' not found
2025-03-11 21:50:44,102 [ERROR] lookup: 'mise.toml' not found
2025-03-11 21:50:44,102 [ERROR] lookup: 'mise.toml' not found
2025-03-11 21:50:44,102 [ERROR] lookup: 'mise.toml' not found
2025-03-11 21:50:44,102 [ERROR] lookup: '.rtx.toml' not found
2025-03-11 21:50:44,102 [ERROR] lookup: '.rtx.toml' not found
2025-03-11 21:50:44,102 [ERROR] lookup: '.rtx.toml' not found
2025-03-11 21:50:44,102 [ERROR] lookup: 'mise' not found
2025-03-11 21:50:44,102 [ERROR] lookup: 'mise' not found
2025-03-11 21:50:44,102 [ERROR] lookup: 'mise' not found
2025-03-11 21:50:44,102 [ERROR] lookup: '.mise' not found
2025-03-11 21:50:44,102 [ERROR] lookup: '.mise' not found
2025-03-11 21:50:44,102 [ERROR] lookup: '.mise' not found
2025-03-11 21:50:44,102 [ERROR] lookup: '.config' not found
2025-03-11 21:50:44,102 [ERROR] lookup: '.config' not found
2025-03-11 21:50:44,102 [ERROR] lookup: '.config' not found
2025-03-11 21:50:44,103 [ERROR] lookup: '.config' not found
2025-03-11 21:50:44,103 [ERROR] lookup: '.config' not found
2025-03-11 21:50:44,103 [ERROR] lookup: '.config' not found
2025-03-11 21:50:44,103 [ERROR] lookup: '.config' not found
2025-03-11 21:50:44,103 [ERROR] lookup: '.config' not found
2025-03-11 21:50:44,103 [ERROR] lookup: '.config' not found
2025-03-11 21:50:44,103 [ERROR] lookup: '.tool-versions' not found
2025-03-11 21:50:44,103 [ERROR] lookup: '.tool-versions' not found
2025-03-11 21:50:44,103 [ERROR] lookup: '.tool-versions' not found
2025-03-11 21:50:44,103 [ERROR] lookup: 'rust-toolchain.toml' not found
2025-03-11 21:50:44,103 [ERROR] lookup: 'rust-toolchain.toml' not found
2025-03-11 21:50:44,103 [ERROR] lookup: 'rust-toolchain.toml' not found
2025-03-11 21:50:44,103 [ERROR] lookup: 'Gemfile' not found
2025-03-11 21:50:44,103 [ERROR] lookup: 'Gemfile' not found
2025-03-11 21:50:44,103 [ERROR] lookup: 'Gemfile' not found
2025-03-11 21:50:44,103 [ERROR] lookup: '.zig-version' not found
2025-03-11 21:50:44,103 [ERROR] lookup: '.zig-version' not found
2025-03-11 21:50:44,104 [ERROR] lookup: '.zig-version' not found
2025-03-11 21:50:44,104 [ERROR] lookup: '.terraform-version' not found
2025-03-11 21:50:44,104 [ERROR] lookup: '.terraform-version' not found
2025-03-11 21:50:44,104 [ERROR] lookup: '.terraform-version' not found
2025-03-11 21:50:44,104 [ERROR] lookup: '.swift-version' not found
2025-03-11 21:50:44,104 [ERROR] lookup: '.swift-version' not found
2025-03-11 21:50:44,104 [ERROR] lookup: '.swift-version' not found
2025-03-11 21:50:44,104 [ERROR] lookup: '.sdkmanrc' not found
2025-03-11 21:50:44,104 [ERROR] lookup: '.sdkmanrc' not found
2025-03-11 21:50:44,104 [ERROR] lookup: '.sdkmanrc' not found
2025-03-11 21:50:44,104 [ERROR] lookup: '.ruby-version' not found
2025-03-11 21:50:44,104 [ERROR] lookup: '.ruby-version' not found
2025-03-11 21:50:44,104 [ERROR] lookup: '.ruby-version' not found
2025-03-11 21:50:44,104 [ERROR] lookup: '.python-versions' not found
2025-03-11 21:50:44,104 [ERROR] lookup: '.python-versions' not found
2025-03-11 21:50:44,104 [ERROR] lookup: '.python-versions' not found
2025-03-11 21:50:44,104 [ERROR] lookup: '.python-version' not found
2025-03-11 21:50:44,104 [ERROR] lookup: '.python-version' not found
2025-03-11 21:50:44,104 [ERROR] lookup: '.python-version' not found
2025-03-11 21:50:44,105 [ERROR] lookup: '.nvmrc' not found
2025-03-11 21:50:44,105 [ERROR] lookup: '.nvmrc' not found
2025-03-11 21:50:44,105 [ERROR] lookup: '.nvmrc' not found
2025-03-11 21:50:44,105 [ERROR] lookup: '.node-version' not found
2025-03-11 21:50:44,105 [ERROR] lookup: '.node-version' not found
2025-03-11 21:50:44,105 [ERROR] lookup: '.node-version' not found
2025-03-11 21:50:44,105 [ERROR] lookup: '.java-version' not found
2025-03-11 21:50:44,105 [ERROR] lookup: '.java-version' not found
2025-03-11 21:50:44,105 [ERROR] lookup: '.java-version' not found
2025-03-11 21:50:44,105 [ERROR] lookup: '.go-version' not found
2025-03-11 21:50:44,106 [ERROR] lookup: '.go-version' not found
2025-03-11 21:50:44,106 [ERROR] lookup: '.go-version' not found
2025-03-11 21:50:44,106 [ERROR] lookup: '.deno-version' not found
2025-03-11 21:50:44,106 [ERROR] lookup: '.deno-version' not found
2025-03-11 21:50:44,106 [ERROR] lookup: '.deno-version' not found
2025-03-11 21:50:44,106 [ERROR] lookup: '.bun-version' not found
2025-03-11 21:50:44,106 [ERROR] lookup: '.bun-version' not found
2025-03-11 21:50:44,106 [ERROR] lookup: '.bun-version' not found
2025-03-11 21:50:44,121 [ERROR] lookup: '.git' not found
2025-03-11 21:50:44,123 [ERROR] lookup: '.python-version' not found
2025-03-11 21:50:44,123 [ERROR] lookup: '.terraform' not found
2025-03-11 21:50:44,123 [ERROR] lookup: '.terraform' not found
2025-03-11 21:50:44,364 [DEBUG] open: inode=10, flags=32768
2025-03-11 21:50:44,364 [DEBUG] read: fh=3, off=0, size=16384
2025-03-11 21:50:44,364 [DEBUG] Getting file attributes for 'ElephantsDream.mp4'
2025-03-11 21:50:44,364 [DEBUG] Returning cached file attributes for 'ElephantsDream.mp4'
2025-03-11 21:50:44,364 [DEBUG] get_file_attr took 0.0000 seconds
2025-03-11 21:50:44,364 [DEBUG] Using selector: EpollSelector
2025-03-11 21:50:44,966 [DEBUG] fetch_chunk: offset=0, chunk_size=2097152, elapsed=0.6015 seconds
2025-03-11 21:50:44,967 [DEBUG] fetch_chunks_sync: current file_chunk_cache size: 0.00 MB; active prefetch threads: 0
2025-03-11 21:50:44,967 [DEBUG] fetch_chunks_sync took 0.6029 seconds
2025-03-11 21:50:44,968 [DEBUG] Using selector: EpollSelector
2025-03-11 21:50:44,968 [DEBUG] maybe_prefetch took 0.0002 seconds
2025-03-11 21:50:44,968 [DEBUG] read: returning 16384 bytes
2025-03-11 21:50:44,969 [DEBUG] open: inode=2, flags=32768
2025-03-11 21:50:44,969 [DEBUG] read: fh=4, off=0, size=32768
2025-03-11 21:50:44,969 [DEBUG] Getting file attributes for 'ForBiggerBlazes.mp4'
2025-03-11 21:50:44,971 [DEBUG] Returning cached file attributes for 'ForBiggerBlazes.mp4'
2025-03-11 21:50:44,971 [DEBUG] get_file_attr took 0.0015 seconds
2025-03-11 21:50:44,971 [DEBUG] Using selector: EpollSelector
2025-03-11 21:50:45,518 [DEBUG] fetch_chunk: offset=0, chunk_size=2097152, elapsed=0.5474 seconds
2025-03-11 21:50:45,519 [DEBUG] fetch_chunks_sync: current file_chunk_cache size: 0.00 MB; active prefetch threads: 0
2025-03-11 21:50:45,519 [DEBUG] fetch_chunks_sync took 0.5487 seconds
2025-03-11 21:50:45,520 [DEBUG] Using selector: EpollSelector
2025-03-11 21:50:45,520 [DEBUG] maybe_prefetch took 0.0002 seconds
2025-03-11 21:50:45,521 [DEBUG] read: returning 32768 bytes
2025-03-11 21:50:45,521 [DEBUG] open: inode=10, flags=32768
2025-03-11 21:50:45,522 [DEBUG] read: fh=5, off=0, size=32768
2025-03-11 21:50:45,522 [DEBUG] Getting file attributes for 'ForBiggerEscapes.mp4'
2025-03-11 21:50:45,522 [DEBUG] Returning cached file attributes for 'ForBiggerEscapes.mp4'
2025-03-11 21:50:45,522 [DEBUG] get_file_attr took 0.0002 seconds
2025-03-11 21:50:45,523 [DEBUG] Using selector: EpollSelector
2025-03-11 21:50:45,545 [DEBUG] fetch_chunk: offset=4210688, chunk_size=2097152, elapsed=0.5766 seconds
2025-03-11 21:50:45,558 [DEBUG] fetch_chunk: offset=10502144, chunk_size=2097152, elapsed=0.5895 seconds
2025-03-11 21:50:45,590 [DEBUG] fetch_chunk: offset=2113536, chunk_size=2097152, elapsed=0.6213 seconds
2025-03-11 21:50:45,603 [DEBUG] fetch_chunk: offset=8404992, chunk_size=2097152, elapsed=0.6349 seconds
2025-03-11 21:50:45,604 [DEBUG] fetch_chunk: offset=16384, chunk_size=2097152, elapsed=0.6362 seconds
2025-03-11 21:50:45,606 [DEBUG] fetch_chunk: offset=6307840, chunk_size=2097152, elapsed=0.6376 seconds
2025-03-11 21:50:45,607 [DEBUG] fetch_chunks_sync: current file_chunk_cache size: 0.00 MB; active prefetch threads: 0
2025-03-11 21:50:45,607 [DEBUG] fetch_chunks_sync took 0.6389 seconds
2025-03-11 21:50:45,607 [DEBUG] Using selector: EpollSelector
2025-03-11 21:50:45,918 [DEBUG] fetch_chunk: offset=2129920, chunk_size=2097152, elapsed=0.3966 seconds
2025-03-11 21:50:46,111 [DEBUG] fetch_chunk: offset=32768, chunk_size=2097152, elapsed=0.5905 seconds
2025-03-11 21:50:46,112 [DEBUG] fetch_chunks_sync: current file_chunk_cache size: 12.00 MB; active prefetch threads: 0
2025-03-11 21:50:46,112 [DEBUG] fetch_chunks_sync took 0.5918 seconds
2025-03-11 21:50:46,196 [DEBUG] fetch_chunk: offset=18890752, chunk_size=2097152, elapsed=0.5885 seconds
2025-03-11 21:50:46,223 [DEBUG] fetch_chunk: offset=23085056, chunk_size=2097152, elapsed=0.6163 seconds
2025-03-11 21:50:46,244 [DEBUG] fetch_chunk: offset=20987904, chunk_size=2097152, elapsed=0.6373 seconds
2025-03-11 21:50:46,249 [DEBUG] fetch_chunk: offset=16793600, chunk_size=2097152, elapsed=0.6415 seconds
2025-03-11 21:50:46,294 [DEBUG] fetch_chunk: offset=0, chunk_size=2097152, elapsed=0.7714 seconds
2025-03-11 21:50:46,295 [DEBUG] fetch_chunks_sync: current file_chunk_cache size: 14.35 MB; active prefetch threads: 0
2025-03-11 21:50:46,295 [DEBUG] fetch_chunks_sync took 0.7723 seconds
2025-03-11 21:50:46,296 [DEBUG] Using selector: EpollSelector
2025-03-11 21:50:46,296 [DEBUG] maybe_prefetch took 0.0003 seconds
2025-03-11 21:50:46,296 [DEBUG] read: returning 32768 bytes
2025-03-11 21:50:46,297 [DEBUG] read: fh=4, off=2498125, size=32768
2025-03-11 21:50:46,297 [DEBUG] Getting file attributes for 'ForBiggerBlazes.mp4'
2025-03-11 21:50:46,297 [DEBUG] Returning cached file attributes for 'ForBiggerBlazes.mp4'
2025-03-11 21:50:46,297 [DEBUG] get_file_attr took 0.0003 seconds
2025-03-11 21:50:46,297 [DEBUG] Using selector: EpollSelector
2025-03-11 21:50:46,337 [DEBUG] fetch_chunk: offset=14696448, chunk_size=2097152, elapsed=0.7299 seconds
2025-03-11 21:50:46,342 [DEBUG] fetch_chunk: offset=12599296, chunk_size=2097152, elapsed=0.7352 seconds
2025-03-11 21:50:46,343 [DEBUG] fetch_chunks_sync: current file_chunk_cache size: 14.35 MB; active prefetch threads: 0
2025-03-11 21:50:46,343 [DEBUG] fetch_chunks_sync took 0.7364 seconds
2025-03-11 21:50:46,343 [DEBUG] Using selector: EpollSelector
2025-03-11 21:50:46,637 [DEBUG] fetch_chunk: offset=2129920, chunk_size=2097152, elapsed=0.3404 seconds
2025-03-11 21:50:46,676 [DEBUG] fetch_chunk: offset=2097152, chunk_size=2097152, elapsed=0.3789 seconds
2025-03-11 21:50:46,677 [DEBUG] fetch_chunks_sync: current file_chunk_cache size: 26.35 MB; active prefetch threads: 0
2025-03-11 21:50:46,677 [DEBUG] fetch_chunks_sync took 0.3798 seconds
2025-03-11 21:50:46,677 [DEBUG] fetch_chunks_sync took 0.0000 seconds
2025-03-11 21:50:46,677 [DEBUG] maybe_prefetch took 0.0001 seconds
2025-03-11 21:50:46,677 [DEBUG] read: returning 0 bytes
2025-03-11 21:50:46,678 [DEBUG] read: fh=5, off=2299653, size=32768
2025-03-11 21:50:46,678 [DEBUG] Getting file attributes for 'ForBiggerEscapes.mp4'
2025-03-11 21:50:46,678 [DEBUG] Returning cached file attributes for 'ForBiggerEscapes.mp4'
2025-03-11 21:50:46,678 [DEBUG] get_file_attr took 0.0002 seconds
2025-03-11 21:50:46,678 [DEBUG] Using selector: EpollSelector
2025-03-11 21:50:46,856 [DEBUG] fetch_chunk: offset=27279360, chunk_size=2097152, elapsed=0.5124 seconds
2025-03-11 21:50:46,877 [DEBUG] fetch_chunk: offset=32768, chunk_size=2097152, elapsed=0.5804 seconds
2025-03-11 21:50:46,878 [DEBUG] fetch_chunks_sync: current file_chunk_cache size: 26.35 MB; active prefetch threads: 0
2025-03-11 21:50:46,878 [DEBUG] fetch_chunks_sync took 0.5817 seconds
2025-03-11 21:50:46,912 [DEBUG] fetch_chunk: offset=25182208, chunk_size=2097152, elapsed=0.5683 seconds
2025-03-11 21:50:46,926 [DEBUG] fetch_chunk: offset=31473664, chunk_size=2097152, elapsed=0.5820 seconds
2025-03-11 21:50:46,953 [DEBUG] fetch_chunk: offset=29376512, chunk_size=2097152, elapsed=0.6093 seconds
2025-03-11 21:50:46,979 [DEBUG] fetch_chunk: offset=33570816, chunk_size=2097152, elapsed=0.6357 seconds
2025-03-11 21:50:46,991 [DEBUG] fetch_chunk: offset=35667968, chunk_size=2097152, elapsed=0.6474 seconds
2025-03-11 21:50:46,992 [DEBUG] fetch_chunks_sync: current file_chunk_cache size: 28.51 MB; active prefetch threads: 0
2025-03-11 21:50:46,992 [DEBUG] fetch_chunks_sync took 0.6485 seconds
2025-03-11 21:50:46,992 [DEBUG] Using selector: EpollSelector
2025-03-11 21:50:47,021 [DEBUG] fetch_chunk: offset=2097152, chunk_size=2097152, elapsed=0.3422 seconds
2025-03-11 21:50:47,021 [DEBUG] fetch_chunks_sync: current file_chunk_cache size: 40.51 MB; active prefetch threads: 0
2025-03-11 21:50:47,021 [DEBUG] fetch_chunks_sync took 0.3432 seconds
2025-03-11 21:50:47,021 [DEBUG] fetch_chunks_sync took 0.0000 seconds
2025-03-11 21:50:47,021 [DEBUG] maybe_prefetch took 0.0001 seconds
2025-03-11 21:50:47,021 [DEBUG] read: returning 0 bytes
2025-03-11 21:50:47,022 [DEBUG] read: fh=4, off=2498125, size=32768
2025-03-11 21:50:47,022 [DEBUG] Getting file attributes for 'ForBiggerBlazes.mp4'
2025-03-11 21:50:47,022 [DEBUG] Returning cached file attributes for 'ForBiggerBlazes.mp4'
2025-03-11 21:50:47,022 [DEBUG] get_file_attr took 0.0002 seconds
2025-03-11 21:50:47,022 [DEBUG] Using selector: EpollSelector
2025-03-11 21:50:47,422 [DEBUG] fetch_chunk: offset=2097152, chunk_size=2097152, elapsed=0.3992 seconds
2025-03-11 21:50:47,422 [DEBUG] fetch_chunks_sync: current file_chunk_cache size: 40.51 MB; active prefetch threads: 0
2025-03-11 21:50:47,422 [DEBUG] fetch_chunks_sync took 0.4006 seconds
2025-03-11 21:50:47,423 [DEBUG] fetch_chunks_sync took 0.0000 seconds
2025-03-11 21:50:47,423 [DEBUG] maybe_prefetch took 0.0001 seconds
2025-03-11 21:50:47,423 [DEBUG] read: returning 0 bytes
2025-03-11 21:50:47,423 [DEBUG] read: fh=5, off=2299653, size=32768
2025-03-11 21:50:47,423 [DEBUG] Getting file attributes for 'ForBiggerEscapes.mp4'
2025-03-11 21:50:47,423 [DEBUG] Returning cached file attributes for 'ForBiggerEscapes.mp4'
2025-03-11 21:50:47,423 [DEBUG] get_file_attr took 0.0003 seconds
2025-03-11 21:50:47,424 [DEBUG] Using selector: EpollSelector
2025-03-11 21:50:47,524 [DEBUG] fetch_chunk: offset=39862272, chunk_size=2097152, elapsed=0.5321 seconds
2025-03-11 21:50:47,533 [DEBUG] fetch_chunk: offset=44056576, chunk_size=2097152, elapsed=0.5404 seconds
2025-03-11 21:50:47,571 [DEBUG] fetch_chunk: offset=46153728, chunk_size=2097152, elapsed=0.5788 seconds
2025-03-11 21:50:47,573 [DEBUG] fetch_chunk: offset=37765120, chunk_size=2097152, elapsed=0.5810 seconds
2025-03-11 21:50:47,574 [DEBUG] fetch_chunk: offset=41959424, chunk_size=2097152, elapsed=0.5817 seconds
2025-03-11 21:50:47,663 [DEBUG] fetch_chunk: offset=48250880, chunk_size=2097152, elapsed=0.6707 seconds
2025-03-11 21:50:47,664 [DEBUG] fetch_chunks_sync: current file_chunk_cache size: 40.51 MB; active prefetch threads: 0
2025-03-11 21:50:47,664 [DEBUG] fetch_chunks_sync took 0.6722 seconds
2025-03-11 21:50:47,664 [DEBUG] Using selector: EpollSelector
2025-03-11 21:50:47,749 [DEBUG] fetch_chunk: offset=2097152, chunk_size=2097152, elapsed=0.3256 seconds
2025-03-11 21:50:47,750 [DEBUG] fetch_chunks_sync: current file_chunk_cache size: 52.51 MB; active prefetch threads: 0
2025-03-11 21:50:47,750 [DEBUG] fetch_chunks_sync took 0.3265 seconds
2025-03-11 21:50:47,750 [DEBUG] fetch_chunks_sync took 0.0000 seconds
2025-03-11 21:50:47,750 [DEBUG] maybe_prefetch took 0.0001 seconds
2025-03-11 21:50:47,750 [DEBUG] read: returning 0 bytes
2025-03-11 21:50:47,750 [DEBUG] open: inode=2, flags=32768
2025-03-11 21:50:47,751 [DEBUG] read: fh=6, off=0, size=32768
2025-03-11 21:50:47,751 [DEBUG] Getting file attributes for 'ForBiggerFun.mp4'
2025-03-11 21:50:47,751 [DEBUG] Returning cached file attributes for 'ForBiggerFun.mp4'
2025-03-11 21:50:47,751 [DEBUG] get_file_attr took 0.0002 seconds
2025-03-11 21:50:47,751 [DEBUG] Using selector: EpollSelector
2025-03-11 21:50:48,162 [DEBUG] fetch_chunk: offset=52445184, chunk_size=2097152, elapsed=0.4978 seconds
2025-03-11 21:50:48,235 [DEBUG] fetch_chunk: offset=56639488, chunk_size=2097152, elapsed=0.5704 seconds
2025-03-11 21:50:48,241 [DEBUG] fetch_chunk: offset=60833792, chunk_size=2097152, elapsed=0.5764 seconds
2025-03-11 21:50:48,281 [DEBUG] fetch_chunk: offset=50348032, chunk_size=2097152, elapsed=0.6166 seconds
2025-03-11 21:50:48,284 [DEBUG] fetch_chunk: offset=58736640, chunk_size=2097152, elapsed=0.6193 seconds
2025-03-11 21:50:48,292 [DEBUG] fetch_chunk: offset=54542336, chunk_size=2097152, elapsed=0.6279 seconds
2025-03-11 21:50:48,293 [DEBUG] fetch_chunks_sync: current file_chunk_cache size: 52.51 MB; active prefetch threads: 0
2025-03-11 21:50:48,293 [DEBUG] fetch_chunks_sync took 0.6291 seconds
2025-03-11 21:50:48,293 [DEBUG] Using selector: EpollSelector
2025-03-11 21:50:48,402 [DEBUG] fetch_chunk: offset=0, chunk_size=2097152, elapsed=0.6505 seconds
2025-03-11 21:50:48,402 [DEBUG] fetch_chunks_sync: current file_chunk_cache size: 64.51 MB; active prefetch threads: 0
2025-03-11 21:50:48,402 [DEBUG] fetch_chunks_sync took 0.6514 seconds
2025-03-11 21:50:48,403 [DEBUG] maybe_prefetch took 0.0001 seconds
2025-03-11 21:50:48,403 [DEBUG] Using selector: EpollSelector
2025-03-11 21:50:48,403 [DEBUG] read: returning 32768 bytes
2025-03-11 21:50:48,404 [DEBUG] read: fh=5, off=6522, size=88999
2025-03-11 21:50:48,404 [DEBUG] Getting file attributes for 'ForBiggerEscapes.mp4'
2025-03-11 21:50:48,404 [DEBUG] Returning cached file attributes for 'ForBiggerEscapes.mp4'
2025-03-11 21:50:48,404 [DEBUG] get_file_attr took 0.0001 seconds
2025-03-11 21:50:48,404 [DEBUG] Using selector: EpollSelector
2025-03-11 21:50:48,872 [DEBUG] fetch_chunk: offset=65028096, chunk_size=2097152, elapsed=0.5789 seconds
2025-03-11 21:50:48,888 [DEBUG] fetch_chunk: offset=71319552, chunk_size=2097152, elapsed=0.5940 seconds
2025-03-11 21:50:48,952 [DEBUG] fetch_chunk: offset=0, chunk_size=2097152, elapsed=0.5472 seconds
2025-03-11 21:50:48,953 [DEBUG] fetch_chunks_sync: current file_chunk_cache size: 64.51 MB; active prefetch threads: 0
2025-03-11 21:50:48,953 [DEBUG] fetch_chunks_sync took 0.5483 seconds
2025-03-11 21:50:48,954 [DEBUG] fetch_chunks_sync took 0.0000 seconds
2025-03-11 21:50:48,954 [DEBUG] maybe_prefetch took 0.0001 seconds
2025-03-11 21:50:48,954 [DEBUG] read: returning 88999 bytes
2025-03-11 21:50:48,955 [DEBUG] read: fh=6, off=12917485, size=32768
2025-03-11 21:50:48,955 [DEBUG] Getting file attributes for 'ForBiggerFun.mp4'
2025-03-11 21:50:48,955 [DEBUG] Returning cached file attributes for 'ForBiggerFun.mp4'
2025-03-11 21:50:48,955 [DEBUG] get_file_attr took 0.0002 seconds
2025-03-11 21:50:48,955 [DEBUG] Using selector: EpollSelector
2025-03-11 21:50:48,984 [DEBUG] fetch_chunk: offset=67125248, chunk_size=2097152, elapsed=0.6905 seconds
2025-03-11 21:50:48,987 [DEBUG] fetch_chunk: offset=69222400, chunk_size=2097152, elapsed=0.6930 seconds
2025-03-11 21:50:48,991 [DEBUG] fetch_chunk: offset=62930944, chunk_size=2097152, elapsed=0.6972 seconds
2025-03-11 21:50:49,002 [DEBUG] fetch_chunk: offset=8421376, chunk_size=2097152, elapsed=0.5975 seconds
2025-03-11 21:50:49,011 [DEBUG] fetch_chunk: offset=10518528, chunk_size=2097152, elapsed=0.6067 seconds
2025-03-11 21:50:49,055 [DEBUG] fetch_chunk: offset=73416704, chunk_size=2097152, elapsed=0.7609 seconds
2025-03-11 21:50:49,056 [DEBUG] fetch_chunks_sync: current file_chunk_cache size: 64.51 MB; active prefetch threads: 0
2025-03-11 21:50:49,056 [DEBUG] fetch_chunks_sync took 0.7628 seconds
2025-03-11 21:50:49,056 [DEBUG] Using selector: EpollSelector
2025-03-11 21:50:49,058 [DEBUG] fetch_chunk: offset=32768, chunk_size=2097152, elapsed=0.6541 seconds
2025-03-11 21:50:49,064 [DEBUG] fetch_chunk: offset=4227072, chunk_size=2097152, elapsed=0.6595 seconds
2025-03-11 21:50:49,107 [DEBUG] fetch_chunk: offset=6324224, chunk_size=2097152, elapsed=0.7030 seconds
2025-03-11 21:50:49,208 [DEBUG] fetch_chunk: offset=2129920, chunk_size=2097152, elapsed=0.8038 seconds
2025-03-11 21:50:49,208 [DEBUG] fetch_chunks_sync: current file_chunk_cache size: 76.51 MB; active prefetch threads: 0
2025-03-11 21:50:49,208 [DEBUG] fetch_chunks_sync took 0.8053 seconds
2025-03-11 21:50:49,209 [DEBUG] Using selector: EpollSelector
2025-03-11 21:50:49,322 [DEBUG] fetch_chunk: offset=12582912, chunk_size=2097152, elapsed=0.3665 seconds
2025-03-11 21:50:49,323 [DEBUG] fetch_chunks_sync: current file_chunk_cache size: 88.51 MB; active prefetch threads: 0
2025-03-11 21:50:49,323 [DEBUG] fetch_chunks_sync took 0.3676 seconds
2025-03-11 21:50:49,323 [DEBUG] Using selector: EpollSelector
2025-03-11 21:50:49,323 [DEBUG] maybe_prefetch took 0.0001 seconds
2025-03-11 21:50:49,323 [DEBUG] read: returning 0 bytes
2025-03-11 21:50:49,324 [DEBUG] read: fh=5, off=95521, size=32768
2025-03-11 21:50:49,324 [DEBUG] Getting file attributes for 'ForBiggerEscapes.mp4'
2025-03-11 21:50:49,324 [DEBUG] Returning cached file attributes for 'ForBiggerEscapes.mp4'
2025-03-11 21:50:49,324 [DEBUG] get_file_attr took 0.0000 seconds
2025-03-11 21:50:49,324 [DEBUG] Using selector: EpollSelector
2025-03-11 21:50:49,561 [DEBUG] fetch_chunk: offset=12615680, chunk_size=2097152, elapsed=0.3525 seconds
2025-03-11 21:50:49,562 [DEBUG] fetch_chunks_sync: current file_chunk_cache size: 88.51 MB; active prefetch threads: 0
2025-03-11 21:50:49,562 [DEBUG] fetch_chunks_sync took 0.3537 seconds
2025-03-11 21:50:49,635 [DEBUG] fetch_chunk: offset=81805312, chunk_size=2097152, elapsed=0.5785 seconds
2025-03-11 21:50:49,644 [DEBUG] fetch_chunk: offset=85999616, chunk_size=2097152, elapsed=0.5874 seconds
2025-03-11 21:50:49,686 [DEBUG] fetch_chunk: offset=12615680, chunk_size=2097152, elapsed=0.3632 seconds
2025-03-11 21:50:49,688 [DEBUG] fetch_chunks_sync: current file_chunk_cache size: 88.80 MB; active prefetch threads: 0
2025-03-11 21:50:49,688 [DEBUG] fetch_chunks_sync took 0.3649 seconds
2025-03-11 21:50:49,692 [DEBUG] fetch_chunk: offset=79708160, chunk_size=2097152, elapsed=0.6350 seconds
2025-03-11 21:50:49,693 [DEBUG] fetch_chunk: offset=77611008, chunk_size=2097152, elapsed=0.6360 seconds
2025-03-11 21:50:49,699 [DEBUG] fetch_chunk: offset=83902464, chunk_size=2097152, elapsed=0.6423 seconds
2025-03-11 21:50:49,702 [DEBUG] fetch_chunk: offset=75513856, chunk_size=2097152, elapsed=0.6452 seconds
2025-03-11 21:50:49,702 [DEBUG] fetch_chunks_sync: current file_chunk_cache size: 88.80 MB; active prefetch threads: 0
2025-03-11 21:50:49,702 [DEBUG] fetch_chunks_sync took 0.6460 seconds
2025-03-11 21:50:49,702 [DEBUG] Using selector: EpollSelector
2025-03-11 21:50:49,827 [DEBUG] fetch_chunk: offset=0, chunk_size=2097152, elapsed=0.5035 seconds
2025-03-11 21:50:49,828 [DEBUG] fetch_chunks_sync: current file_chunk_cache size: 100.80 MB; active prefetch threads: 0
2025-03-11 21:50:49,828 [DEBUG] fetch_chunks_sync took 0.5042 seconds
2025-03-11 21:50:49,829 [DEBUG] fetch_chunks_sync took 0.0000 seconds
2025-03-11 21:50:49,829 [DEBUG] maybe_prefetch took 0.0001 seconds
2025-03-11 21:50:49,829 [DEBUG] read: returning 32768 bytes
2025-03-11 21:50:49,830 [DEBUG] read: fh=6, off=12917485, size=32768
2025-03-11 21:50:49,830 [DEBUG] Getting file attributes for 'ForBiggerFun.mp4'
2025-03-11 21:50:49,830 [DEBUG] Returning cached file attributes for 'ForBiggerFun.mp4'
2025-03-11 21:50:49,830 [DEBUG] get_file_attr took 0.0004 seconds
2025-03-11 21:50:49,830 [DEBUG] Using selector: EpollSelector
2025-03-11 21:50:50,198 [DEBUG] fetch_chunk: offset=12582912, chunk_size=2097152, elapsed=0.3680 seconds
2025-03-11 21:50:50,199 [DEBUG] fetch_chunks_sync: current file_chunk_cache size: 100.80 MB; active prefetch threads: 0
2025-03-11 21:50:50,199 [DEBUG] fetch_chunks_sync took 0.3691 seconds
2025-03-11 21:50:50,199 [DEBUG] fetch_chunks_sync took 0.0000 seconds
2025-03-11 21:50:50,199 [DEBUG] maybe_prefetch took 0.0001 seconds
2025-03-11 21:50:50,199 [DEBUG] read: returning 0 bytes
2025-03-11 21:50:50,200 [DEBUG] read: fh=5, off=128289, size=32768
2025-03-11 21:50:50,200 [DEBUG] Getting file attributes for 'ForBiggerEscapes.mp4'
2025-03-11 21:50:50,200 [DEBUG] Returning cached file attributes for 'ForBiggerEscapes.mp4'
2025-03-11 21:50:50,200 [DEBUG] get_file_attr took 0.0002 seconds
2025-03-11 21:50:50,200 [DEBUG] Using selector: EpollSelector
2025-03-11 21:50:50,202 [DEBUG] fetch_chunk: offset=88096768, chunk_size=2097152, elapsed=0.4997 seconds
2025-03-11 21:50:50,371 [DEBUG] fetch_chunk: offset=90193920, chunk_size=2097152, elapsed=0.6689 seconds
2025-03-11 21:50:50,373 [DEBUG] fetch_chunk: offset=94388224, chunk_size=2097152, elapsed=0.6707 seconds
2025-03-11 21:50:50,376 [DEBUG] fetch_chunk: offset=96485376, chunk_size=2097152, elapsed=0.6734 seconds
2025-03-11 21:50:50,398 [DEBUG] fetch_chunk: offset=92291072, chunk_size=2097152, elapsed=0.6956 seconds
2025-03-11 21:50:50,487 [DEBUG] fetch_chunk: offset=98582528, chunk_size=2097152, elapsed=0.7848 seconds
2025-03-11 21:50:50,488 [DEBUG] fetch_chunks_sync: current file_chunk_cache size: 100.80 MB; active prefetch threads: 0
2025-03-11 21:50:50,488 [DEBUG] fetch_chunks_sync took 0.7860 seconds
2025-03-11 21:50:50,488 [DEBUG] Using selector: EpollSelector
2025-03-11 21:50:50,695 [DEBUG] fetch_chunk: offset=0, chunk_size=2097152, elapsed=0.4939 seconds
2025-03-11 21:50:50,695 [DEBUG] fetch_chunks_sync: current file_chunk_cache size: 112.80 MB; active prefetch threads: 0
2025-03-11 21:50:50,695 [DEBUG] fetch_chunks_sync took 0.4949 seconds
2025-03-11 21:50:50,696 [DEBUG] fetch_chunks_sync took 0.0000 seconds
2025-03-11 21:50:50,696 [DEBUG] maybe_prefetch took 0.0001 seconds
2025-03-11 21:50:50,697 [DEBUG] read: returning 32768 bytes
2025-03-11 21:50:50,697 [DEBUG] read: fh=6, off=19957, size=32768
2025-03-11 21:50:50,697 [DEBUG] Getting file attributes for 'ForBiggerFun.mp4'
2025-03-11 21:50:50,697 [DEBUG] Returning cached file attributes for 'ForBiggerFun.mp4'
2025-03-11 21:50:50,697 [DEBUG] get_file_attr took 0.0002 seconds
2025-03-11 21:50:50,697 [DEBUG] Using selector: EpollSelector
2025-03-11 21:50:50,985 [DEBUG] fetch_chunk: offset=102776832, chunk_size=2097152, elapsed=0.4965 seconds
2025-03-11 21:50:51,028 [DEBUG] fetch_chunk: offset=100679680, chunk_size=2097152, elapsed=0.5394 seconds
2025-03-11 21:50:51,028 [DEBUG] fetch_chunks_sync: current file_chunk_cache size: 112.80 MB; active prefetch threads: 0
2025-03-11 21:50:51,028 [DEBUG] fetch_chunks_sync took 0.5402 seconds
2025-03-11 21:50:51,028 [DEBUG] prefetch took 6.0608 seconds
2025-03-11 21:50:51,205 [DEBUG] fetch_chunk: offset=0, chunk_size=2097152, elapsed=0.5074 seconds
2025-03-11 21:50:51,206 [DEBUG] fetch_chunks_sync: current file_chunk_cache size: 116.80 MB; active prefetch threads: 0
2025-03-11 21:50:51,206 [DEBUG] fetch_chunks_sync took 0.5083 seconds
2025-03-11 21:50:51,207 [DEBUG] fetch_chunks_sync took 0.0000 seconds
2025-03-11 21:50:51,207 [DEBUG] maybe_prefetch took 0.0001 seconds
2025-03-11 21:50:51,207 [DEBUG] read: returning 32768 bytes
2025-03-11 21:50:51,207 [DEBUG] read: fh=5, off=161057, size=32768
2025-03-11 21:50:51,207 [DEBUG] Getting file attributes for 'ForBiggerEscapes.mp4'
2025-03-11 21:50:51,208 [DEBUG] Returning cached file attributes for 'ForBiggerEscapes.mp4'
2025-03-11 21:50:51,208 [DEBUG] get_file_attr took 0.0002 seconds
2025-03-11 21:50:51,208 [DEBUG] Using selector: EpollSelector
2025-03-11 21:50:51,708 [DEBUG] fetch_chunk: offset=0, chunk_size=2097152, elapsed=0.5003 seconds
2025-03-11 21:50:51,709 [DEBUG] fetch_chunks_sync: current file_chunk_cache size: 116.80 MB; active prefetch threads: 0
2025-03-11 21:50:51,709 [DEBUG] fetch_chunks_sync took 0.5013 seconds
2025-03-11 21:50:51,710 [DEBUG] fetch_chunks_sync took 0.0000 seconds
2025-03-11 21:50:51,710 [DEBUG] maybe_prefetch took 0.0001 seconds
2025-03-11 21:50:51,710 [DEBUG] read: returning 32768 bytes
2025-03-11 21:50:51,711 [DEBUG] read: fh=6, off=52725, size=32768
2025-03-11 21:50:51,711 [DEBUG] Getting file attributes for 'ForBiggerFun.mp4'
2025-03-11 21:50:51,711 [DEBUG] Returning cached file attributes for 'ForBiggerFun.mp4'
2025-03-11 21:50:51,711 [DEBUG] get_file_attr took 0.0003 seconds
2025-03-11 21:50:51,711 [DEBUG] Using selector: EpollSelector
2025-03-11 21:50:52,209 [DEBUG] fetch_chunk: offset=0, chunk_size=2097152, elapsed=0.4980 seconds
2025-03-11 21:50:52,210 [DEBUG] fetch_chunks_sync: current file_chunk_cache size: 116.80 MB; active prefetch threads: 0
2025-03-11 21:50:52,210 [DEBUG] fetch_chunks_sync took 0.4991 seconds
2025-03-11 21:50:52,212 [DEBUG] fetch_chunks_sync took 0.0000 seconds
2025-03-11 21:50:52,212 [DEBUG] maybe_prefetch took 0.0001 seconds
2025-03-11 21:50:52,212 [DEBUG] read: returning 32768 bytes
2025-03-11 21:50:52,212 [DEBUG] opendir: inode=1
2025-03-11 21:50:52,213 [DEBUG] readdir: fh=7, start_id=0
2025-03-11 21:50:52,213 [DEBUG] Getting root attributes
2025-03-11 21:50:52,213 [DEBUG] get_root_attr took 0.0001 seconds
2025-03-11 21:50:52,213 [DEBUG] Getting root attributes
2025-03-11 21:50:52,213 [DEBUG] get_root_attr took 0.0000 seconds
2025-03-11 21:50:52,213 [DEBUG] Getting file attributes for 'BigBuckBunny.mp4'
2025-03-11 21:50:52,213 [DEBUG] Returning cached file attributes for 'BigBuckBunny.mp4'
2025-03-11 21:50:52,213 [DEBUG] get_file_attr took 0.0001 seconds
2025-03-11 21:50:52,213 [DEBUG] readdir: adding entry 'BigBuckBunny.mp4'
2025-03-11 21:50:52,213 [DEBUG] Getting file attributes for 'ElephantsDream.mp4'
2025-03-11 21:50:52,213 [DEBUG] Returning cached file attributes for 'ElephantsDream.mp4'
2025-03-11 21:50:52,213 [DEBUG] get_file_attr took 0.0000 seconds
2025-03-11 21:50:52,213 [DEBUG] readdir: adding entry 'ElephantsDream.mp4'
2025-03-11 21:50:52,213 [DEBUG] Getting file attributes for 'ForBiggerBlazes.mp4'
2025-03-11 21:50:52,213 [DEBUG] Returning cached file attributes for 'ForBiggerBlazes.mp4'
2025-03-11 21:50:52,213 [DEBUG] get_file_attr took 0.0001 seconds
2025-03-11 21:50:52,213 [DEBUG] readdir: adding entry 'ForBiggerBlazes.mp4'
2025-03-11 21:50:52,213 [DEBUG] Getting file attributes for 'ForBiggerEscapes.mp4'
2025-03-11 21:50:52,213 [DEBUG] Returning cached file attributes for 'ForBiggerEscapes.mp4'
2025-03-11 21:50:52,214 [DEBUG] get_file_attr took 0.0000 seconds
2025-03-11 21:50:52,214 [DEBUG] readdir: adding entry 'ForBiggerEscapes.mp4'
2025-03-11 21:50:52,214 [DEBUG] Getting file attributes for 'ForBiggerFun.mp4'
2025-03-11 21:50:52,214 [DEBUG] Returning cached file attributes for 'ForBiggerFun.mp4'
2025-03-11 21:50:52,214 [DEBUG] get_file_attr took 0.0000 seconds
2025-03-11 21:50:52,214 [DEBUG] readdir: adding entry 'ForBiggerFun.mp4'
2025-03-11 21:50:52,214 [DEBUG] Getting file attributes for 'ForBiggerJoyrides.mp4'
2025-03-11 21:50:52,214 [DEBUG] Returning cached file attributes for 'ForBiggerJoyrides.mp4'
2025-03-11 21:50:52,214 [DEBUG] get_file_attr took 0.0000 seconds
2025-03-11 21:50:52,214 [DEBUG] readdir: adding entry 'ForBiggerJoyrides.mp4'
2025-03-11 21:50:52,214 [DEBUG] Getting file attributes for 'ForBiggerMeltdowns.mp4'
2025-03-11 21:50:52,214 [DEBUG] Returning cached file attributes for 'ForBiggerMeltdowns.mp4'
2025-03-11 21:50:52,214 [DEBUG] get_file_attr took 0.0000 seconds
2025-03-11 21:50:52,214 [DEBUG] readdir: adding entry 'ForBiggerMeltdowns.mp4'
2025-03-11 21:50:52,214 [DEBUG] Getting file attributes for 'Sintel.mp4'
2025-03-11 21:50:52,214 [DEBUG] Returning cached file attributes for 'Sintel.mp4'
2025-03-11 21:50:52,214 [DEBUG] get_file_attr took 0.0000 seconds
2025-03-11 21:50:52,214 [DEBUG] readdir: adding entry 'Sintel.mp4'
2025-03-11 21:50:52,214 [DEBUG] Getting file attributes for 'SubaruOutbackOnStreetAndDirt.mp4'
2025-03-11 21:50:52,214 [DEBUG] Returning cached file attributes for 'SubaruOutbackOnStreetAndDirt.mp4'
2025-03-11 21:50:52,214 [DEBUG] get_file_attr took 0.0000 seconds
2025-03-11 21:50:52,214 [DEBUG] readdir: adding entry 'SubaruOutbackOnStreetAndDirt.mp4'
2025-03-11 21:50:52,214 [DEBUG] Getting file attributes for 'TearsOfSteel.mp4'
2025-03-11 21:50:52,214 [DEBUG] Returning cached file attributes for 'TearsOfSteel.mp4'
2025-03-11 21:50:52,214 [DEBUG] get_file_attr took 0.0000 seconds
2025-03-11 21:50:52,214 [DEBUG] readdir: adding entry 'TearsOfSteel.mp4'
2025-03-11 21:50:52,214 [DEBUG] Getting file attributes for 'VolkswagenGTIReview.mp4'
2025-03-11 21:50:52,214 [DEBUG] Returning cached file attributes for 'VolkswagenGTIReview.mp4'
2025-03-11 21:50:52,214 [DEBUG] get_file_attr took 0.0000 seconds
2025-03-11 21:50:52,214 [DEBUG] readdir: adding entry 'VolkswagenGTIReview.mp4'
2025-03-11 21:50:52,214 [DEBUG] Getting file attributes for 'WeAreGoingOnBullrun.mp4'
2025-03-11 21:50:52,214 [DEBUG] Returning cached file attributes for 'WeAreGoingOnBullrun.mp4'
2025-03-11 21:50:52,214 [DEBUG] get_file_attr took 0.0000 seconds
2025-03-11 21:50:52,214 [DEBUG] readdir: adding entry 'WeAreGoingOnBullrun.mp4'
2025-03-11 21:50:52,214 [DEBUG] Getting file attributes for 'WhatCarCanYouGetForAGrand.mp4'
2025-03-11 21:50:52,214 [DEBUG] Returning cached file attributes for 'WhatCarCanYouGetForAGrand.mp4'
2025-03-11 21:50:52,214 [DEBUG] get_file_attr took 0.0000 seconds
2025-03-11 21:50:52,214 [DEBUG] readdir: adding entry 'WhatCarCanYouGetForAGrand.mp4'
2025-03-11 21:50:52,214 [DEBUG] readdir: fh=7, start_id=15
2025-03-11 21:50:52,214 [DEBUG] Getting root attributes
2025-03-11 21:50:52,214 [DEBUG] get_root_attr took 0.0000 seconds
2025-03-11 21:50:52,214 [DEBUG] Getting root attributes
2025-03-11 21:50:52,214 [DEBUG] get_root_attr took 0.0000 seconds
2025-03-11 21:50:52,214 [DEBUG] Getting file attributes for 'BigBuckBunny.mp4'
2025-03-11 21:50:52,214 [DEBUG] Returning cached file attributes for 'BigBuckBunny.mp4'
2025-03-11 21:50:52,214 [DEBUG] get_file_attr took 0.0000 seconds
2025-03-11 21:50:52,215 [DEBUG] readdir: adding entry 'BigBuckBunny.mp4'
2025-03-11 21:50:52,215 [DEBUG] Getting file attributes for 'ElephantsDream.mp4'
2025-03-11 21:50:52,215 [DEBUG] Returning cached file attributes for 'ElephantsDream.mp4'
2025-03-11 21:50:52,215 [DEBUG] get_file_attr took 0.0000 seconds
2025-03-11 21:50:52,215 [DEBUG] readdir: adding entry 'ElephantsDream.mp4'
2025-03-11 21:50:52,215 [DEBUG] Getting file attributes for 'ForBiggerBlazes.mp4'
2025-03-11 21:50:52,215 [DEBUG] Returning cached file attributes for 'ForBiggerBlazes.mp4'
2025-03-11 21:50:52,215 [DEBUG] get_file_attr took 0.0000 seconds
2025-03-11 21:50:52,215 [DEBUG] readdir: adding entry 'ForBiggerBlazes.mp4'
2025-03-11 21:50:52,215 [DEBUG] Getting file attributes for 'ForBiggerEscapes.mp4'
2025-03-11 21:50:52,215 [DEBUG] Returning cached file attributes for 'ForBiggerEscapes.mp4'
2025-03-11 21:50:52,215 [DEBUG] get_file_attr took 0.0000 seconds
2025-03-11 21:50:52,215 [DEBUG] readdir: adding entry 'ForBiggerEscapes.mp4'
2025-03-11 21:50:52,215 [DEBUG] Getting file attributes for 'ForBiggerFun.mp4'
2025-03-11 21:50:52,215 [DEBUG] Returning cached file attributes for 'ForBiggerFun.mp4'
2025-03-11 21:50:52,215 [DEBUG] get_file_attr took 0.0000 seconds
2025-03-11 21:50:52,215 [DEBUG] readdir: adding entry 'ForBiggerFun.mp4'
2025-03-11 21:50:52,215 [DEBUG] Getting file attributes for 'ForBiggerJoyrides.mp4'
2025-03-11 21:50:52,215 [DEBUG] Returning cached file attributes for 'ForBiggerJoyrides.mp4'
2025-03-11 21:50:52,215 [DEBUG] get_file_attr took 0.0000 seconds
2025-03-11 21:50:52,215 [DEBUG] readdir: adding entry 'ForBiggerJoyrides.mp4'
2025-03-11 21:50:52,215 [DEBUG] Getting file attributes for 'ForBiggerMeltdowns.mp4'
2025-03-11 21:50:52,215 [DEBUG] Returning cached file attributes for 'ForBiggerMeltdowns.mp4'
2025-03-11 21:50:52,215 [DEBUG] get_file_attr took 0.0000 seconds
2025-03-11 21:50:52,215 [DEBUG] readdir: adding entry 'ForBiggerMeltdowns.mp4'
2025-03-11 21:50:52,215 [DEBUG] Getting file attributes for 'Sintel.mp4'
2025-03-11 21:50:52,215 [DEBUG] Returning cached file attributes for 'Sintel.mp4'
2025-03-11 21:50:52,215 [DEBUG] get_file_attr took 0.0000 seconds
2025-03-11 21:50:52,215 [DEBUG] readdir: adding entry 'Sintel.mp4'
2025-03-11 21:50:52,215 [DEBUG] Getting file attributes for 'SubaruOutbackOnStreetAndDirt.mp4'
2025-03-11 21:50:52,215 [DEBUG] Returning cached file attributes for 'SubaruOutbackOnStreetAndDirt.mp4'
2025-03-11 21:50:52,215 [DEBUG] get_file_attr took 0.0000 seconds
2025-03-11 21:50:52,215 [DEBUG] readdir: adding entry 'SubaruOutbackOnStreetAndDirt.mp4'
2025-03-11 21:50:52,215 [DEBUG] Getting file attributes for 'TearsOfSteel.mp4'
2025-03-11 21:50:52,215 [DEBUG] Returning cached file attributes for 'TearsOfSteel.mp4'
2025-03-11 21:50:52,215 [DEBUG] get_file_attr took 0.0000 seconds
2025-03-11 21:50:52,215 [DEBUG] readdir: adding entry 'TearsOfSteel.mp4'
2025-03-11 21:50:52,215 [DEBUG] Getting file attributes for 'VolkswagenGTIReview.mp4'
2025-03-11 21:50:52,215 [DEBUG] Returning cached file attributes for 'VolkswagenGTIReview.mp4'
2025-03-11 21:50:52,215 [DEBUG] get_file_attr took 0.0000 seconds
2025-03-11 21:50:52,215 [DEBUG] readdir: adding entry 'VolkswagenGTIReview.mp4'
2025-03-11 21:50:52,215 [DEBUG] Getting file attributes for 'WeAreGoingOnBullrun.mp4'
2025-03-11 21:50:52,215 [DEBUG] Returning cached file attributes for 'WeAreGoingOnBullrun.mp4'
2025-03-11 21:50:52,215 [DEBUG] get_file_attr took 0.0000 seconds
2025-03-11 21:50:52,215 [DEBUG] readdir: adding entry 'WeAreGoingOnBullrun.mp4'
2025-03-11 21:50:52,215 [DEBUG] Getting file attributes for 'WhatCarCanYouGetForAGrand.mp4'
2025-03-11 21:50:52,215 [DEBUG] Returning cached file attributes for 'WhatCarCanYouGetForAGrand.mp4'
2025-03-11 21:50:52,215 [DEBUG] get_file_attr took 0.0000 seconds
2025-03-11 21:50:52,215 [DEBUG] readdir: adding entry 'WhatCarCanYouGetForAGrand.mp4'
2025-03-11 21:50:52,217 [DEBUG] read: fh=6, off=85493, size=32768
2025-03-11 21:50:52,217 [DEBUG] Getting file attributes for 'ForBiggerFun.mp4'
2025-03-11 21:50:52,217 [DEBUG] Returning cached file attributes for 'ForBiggerFun.mp4'
2025-03-11 21:50:52,217 [DEBUG] get_file_attr took 0.0001 seconds
2025-03-11 21:50:52,218 [DEBUG] Using selector: EpollSelector
2025-03-11 21:50:52,727 [DEBUG] fetch_chunk: offset=0, chunk_size=2097152, elapsed=0.5096 seconds
2025-03-11 21:50:52,728 [DEBUG] fetch_chunks_sync: current file_chunk_cache size: 116.80 MB; active prefetch threads: 0
2025-03-11 21:50:52,728 [DEBUG] fetch_chunks_sync took 0.5105 seconds
2025-03-11 21:50:52,729 [DEBUG] fetch_chunks_sync took 0.0000 seconds
2025-03-11 21:50:52,729 [DEBUG] maybe_prefetch took 0.0001 seconds
2025-03-11 21:50:52,729 [DEBUG] read: returning 32768 bytes
2025-03-11 21:50:52,733 [DEBUG] read: fh=6, off=3256721, size=32768
2025-03-11 21:50:52,733 [DEBUG] Getting file attributes for 'ForBiggerFun.mp4'
2025-03-11 21:50:52,733 [DEBUG] Returning cached file attributes for 'ForBiggerFun.mp4'
2025-03-11 21:50:52,733 [DEBUG] get_file_attr took 0.0001 seconds
2025-03-11 21:50:52,733 [DEBUG] Using selector: EpollSelector
2025-03-11 21:50:53,235 [DEBUG] fetch_chunk: offset=2097152, chunk_size=2097152, elapsed=0.5021 seconds
2025-03-11 21:50:53,236 [DEBUG] fetch_chunks_sync: current file_chunk_cache size: 116.80 MB; active prefetch threads: 0
2025-03-11 21:50:53,236 [DEBUG] fetch_chunks_sync took 0.5030 seconds
2025-03-11 21:50:53,236 [DEBUG] fetch_chunks_sync took 0.0000 seconds
2025-03-11 21:50:53,236 [DEBUG] maybe_prefetch took 0.0001 seconds
2025-03-11 21:50:53,237 [DEBUG] read: returning 32768 bytes
2025-03-11 21:50:53,237 [DEBUG] read: fh=6, off=3289489, size=32768
2025-03-11 21:50:53,237 [DEBUG] Getting file attributes for 'ForBiggerFun.mp4'
2025-03-11 21:50:53,237 [DEBUG] Returning cached file attributes for 'ForBiggerFun.mp4'
2025-03-11 21:50:53,237 [DEBUG] get_file_attr took 0.0001 seconds
2025-03-11 21:50:53,237 [DEBUG] Using selector: EpollSelector
2025-03-11 21:50:53,736 [DEBUG] fetch_chunk: offset=2097152, chunk_size=2097152, elapsed=0.4986 seconds
2025-03-11 21:50:53,737 [DEBUG] fetch_chunks_sync: current file_chunk_cache size: 116.80 MB; active prefetch threads: 0
2025-03-11 21:50:53,737 [DEBUG] fetch_chunks_sync took 0.4997 seconds
2025-03-11 21:50:53,737 [DEBUG] fetch_chunks_sync took 0.0000 seconds
2025-03-11 21:50:53,737 [DEBUG] maybe_prefetch took 0.0001 seconds
2025-03-11 21:50:53,737 [DEBUG] read: returning 32768 bytes
2025-03-11 21:51:02,568 [DEBUG] open: inode=2, flags=34816
2025-03-11 21:51:02,568 [DEBUG] read: fh=8, off=0, size=131072
2025-03-11 21:51:02,569 [DEBUG] Getting file attributes for 'ForBiggerMeltdowns.mp4'
2025-03-11 21:51:02,569 [DEBUG] Returning cached file attributes for 'ForBiggerMeltdowns.mp4'
2025-03-11 21:51:02,569 [DEBUG] get_file_attr took 0.0001 seconds
2025-03-11 21:51:02,569 [DEBUG] Using selector: EpollSelector
2025-03-11 21:51:03,143 [DEBUG] fetch_chunk: offset=0, chunk_size=2097152, elapsed=0.5742 seconds
2025-03-11 21:51:03,144 [DEBUG] fetch_chunks_sync: current file_chunk_cache size: 116.80 MB; active prefetch threads: 0
2025-03-11 21:51:03,144 [DEBUG] fetch_chunks_sync took 0.5751 seconds
2025-03-11 21:51:03,144 [DEBUG] maybe_prefetch took 0.0001 seconds
2025-03-11 21:51:03,144 [DEBUG] Using selector: EpollSelector
2025-03-11 21:51:03,144 [DEBUG] read: returning 131072 bytes
2025-03-11 21:51:03,147 [DEBUG] read: fh=8, off=2252313, size=131072
2025-03-11 21:51:03,147 [DEBUG] Getting file attributes for 'ForBiggerMeltdowns.mp4'
2025-03-11 21:51:03,147 [DEBUG] Returning cached file attributes for 'ForBiggerMeltdowns.mp4'
2025-03-11 21:51:03,147 [DEBUG] get_file_attr took 0.0000 seconds
2025-03-11 21:51:03,147 [DEBUG] Using selector: EpollSelector
2025-03-11 21:51:03,366 [DEBUG] fetch_chunk: offset=2228224, chunk_size=2097152, elapsed=0.2215 seconds
2025-03-11 21:51:03,519 [DEBUG] fetch_chunk: offset=2097152, chunk_size=2097152, elapsed=0.3718 seconds
2025-03-11 21:51:03,520 [DEBUG] fetch_chunks_sync: current file_chunk_cache size: 116.80 MB; active prefetch threads: 0
2025-03-11 21:51:03,520 [DEBUG] fetch_chunks_sync took 0.3729 seconds
2025-03-11 21:51:03,520 [DEBUG] fetch_chunks_sync took 0.0000 seconds
2025-03-11 21:51:03,520 [DEBUG] maybe_prefetch took 0.0001 seconds
2025-03-11 21:51:03,520 [DEBUG] read: returning 0 bytes
2025-03-11 21:51:03,520 [DEBUG] read: fh=8, off=2252313, size=131072
2025-03-11 21:51:03,520 [DEBUG] Getting file attributes for 'ForBiggerMeltdowns.mp4'
2025-03-11 21:51:03,520 [DEBUG] Returning cached file attributes for 'ForBiggerMeltdowns.mp4'
2025-03-11 21:51:03,520 [DEBUG] get_file_attr took 0.0001 seconds
2025-03-11 21:51:03,520 [DEBUG] Using selector: EpollSelector
2025-03-11 21:51:03,672 [DEBUG] fetch_chunk: offset=131072, chunk_size=2097152, elapsed=0.5272 seconds
2025-03-11 21:51:03,672 [DEBUG] fetch_chunks_sync: current file_chunk_cache size: 116.80 MB; active prefetch threads: 0
2025-03-11 21:51:03,672 [DEBUG] fetch_chunks_sync took 0.5282 seconds
2025-03-11 21:51:03,832 [DEBUG] fetch_chunk: offset=2097152, chunk_size=2097152, elapsed=0.3107 seconds
2025-03-11 21:51:03,832 [DEBUG] fetch_chunks_sync: current file_chunk_cache size: 118.82 MB; active prefetch threads: 0
2025-03-11 21:51:03,832 [DEBUG] fetch_chunks_sync took 0.3118 seconds
2025-03-11 21:51:03,832 [DEBUG] fetch_chunks_sync took 0.0000 seconds
2025-03-11 21:51:03,832 [DEBUG] maybe_prefetch took 0.0001 seconds
2025-03-11 21:51:03,832 [DEBUG] read: returning 0 bytes
2025-03-11 21:51:03,833 [DEBUG] opendir: inode=1
2025-03-11 21:51:03,833 [DEBUG] readdir: fh=9, start_id=0
2025-03-11 21:51:03,833 [DEBUG] Getting root attributes
2025-03-11 21:51:03,833 [DEBUG] get_root_attr took 0.0000 seconds
2025-03-11 21:51:03,833 [DEBUG] Getting root attributes
2025-03-11 21:51:03,833 [DEBUG] get_root_attr took 0.0001 seconds
2025-03-11 21:51:03,833 [DEBUG] Getting file attributes for 'BigBuckBunny.mp4'
2025-03-11 21:51:03,833 [DEBUG] Returning cached file attributes for 'BigBuckBunny.mp4'
2025-03-11 21:51:03,833 [DEBUG] get_file_attr took 0.0001 seconds
2025-03-11 21:51:03,833 [DEBUG] readdir: adding entry 'BigBuckBunny.mp4'
2025-03-11 21:51:03,833 [DEBUG] Getting file attributes for 'ElephantsDream.mp4'
2025-03-11 21:51:03,833 [DEBUG] Returning cached file attributes for 'ElephantsDream.mp4'
2025-03-11 21:51:03,833 [DEBUG] get_file_attr took 0.0000 seconds
2025-03-11 21:51:03,833 [DEBUG] readdir: adding entry 'ElephantsDream.mp4'
2025-03-11 21:51:03,833 [DEBUG] Getting file attributes for 'ForBiggerBlazes.mp4'
2025-03-11 21:51:03,833 [DEBUG] Returning cached file attributes for 'ForBiggerBlazes.mp4'
2025-03-11 21:51:03,833 [DEBUG] get_file_attr took 0.0000 seconds
2025-03-11 21:51:03,833 [DEBUG] readdir: adding entry 'ForBiggerBlazes.mp4'
2025-03-11 21:51:03,833 [DEBUG] Getting file attributes for 'ForBiggerEscapes.mp4'
2025-03-11 21:51:03,833 [DEBUG] Returning cached file attributes for 'ForBiggerEscapes.mp4'
2025-03-11 21:51:03,833 [DEBUG] get_file_attr took 0.0000 seconds
2025-03-11 21:51:03,833 [DEBUG] readdir: adding entry 'ForBiggerEscapes.mp4'
2025-03-11 21:51:03,833 [DEBUG] Getting file attributes for 'ForBiggerFun.mp4'
2025-03-11 21:51:03,834 [DEBUG] Returning cached file attributes for 'ForBiggerFun.mp4'
2025-03-11 21:51:03,834 [DEBUG] get_file_attr took 0.0000 seconds
2025-03-11 21:51:03,834 [DEBUG] readdir: adding entry 'ForBiggerFun.mp4'
2025-03-11 21:51:03,834 [DEBUG] Getting file attributes for 'ForBiggerJoyrides.mp4'
2025-03-11 21:51:03,834 [DEBUG] Returning cached file attributes for 'ForBiggerJoyrides.mp4'
2025-03-11 21:51:03,834 [DEBUG] get_file_attr took 0.0000 seconds
2025-03-11 21:51:03,834 [DEBUG] readdir: adding entry 'ForBiggerJoyrides.mp4'
2025-03-11 21:51:03,834 [DEBUG] Getting file attributes for 'ForBiggerMeltdowns.mp4'
2025-03-11 21:51:03,834 [DEBUG] Returning cached file attributes for 'ForBiggerMeltdowns.mp4'
2025-03-11 21:51:03,834 [DEBUG] get_file_attr took 0.0000 seconds
2025-03-11 21:51:03,834 [DEBUG] readdir: adding entry 'ForBiggerMeltdowns.mp4'
2025-03-11 21:51:03,834 [DEBUG] Getting file attributes for 'Sintel.mp4'
2025-03-11 21:51:03,834 [DEBUG] Returning cached file attributes for 'Sintel.mp4'
2025-03-11 21:51:03,834 [DEBUG] get_file_attr took 0.0000 seconds
2025-03-11 21:51:03,834 [DEBUG] readdir: adding entry 'Sintel.mp4'
2025-03-11 21:51:03,834 [DEBUG] Getting file attributes for 'SubaruOutbackOnStreetAndDirt.mp4'
2025-03-11 21:51:03,834 [DEBUG] Returning cached file attributes for 'SubaruOutbackOnStreetAndDirt.mp4'
2025-03-11 21:51:03,834 [DEBUG] get_file_attr took 0.0000 seconds
2025-03-11 21:51:03,834 [DEBUG] readdir: adding entry 'SubaruOutbackOnStreetAndDirt.mp4'
2025-03-11 21:51:03,834 [DEBUG] Getting file attributes for 'TearsOfSteel.mp4'
2025-03-11 21:51:03,834 [DEBUG] Returning cached file attributes for 'TearsOfSteel.mp4'
2025-03-11 21:51:03,834 [DEBUG] get_file_attr took 0.0000 seconds
2025-03-11 21:51:03,834 [DEBUG] readdir: adding entry 'TearsOfSteel.mp4'
2025-03-11 21:51:03,834 [DEBUG] Getting file attributes for 'VolkswagenGTIReview.mp4'
2025-03-11 21:51:03,834 [DEBUG] Returning cached file attributes for 'VolkswagenGTIReview.mp4'
2025-03-11 21:51:03,834 [DEBUG] get_file_attr took 0.0003 seconds
2025-03-11 21:51:03,834 [DEBUG] readdir: adding entry 'VolkswagenGTIReview.mp4'
2025-03-11 21:51:03,834 [DEBUG] Getting file attributes for 'WeAreGoingOnBullrun.mp4'
2025-03-11 21:51:03,834 [DEBUG] Returning cached file attributes for 'WeAreGoingOnBullrun.mp4'
2025-03-11 21:51:03,834 [DEBUG] get_file_attr took 0.0000 seconds
2025-03-11 21:51:03,834 [DEBUG] readdir: adding entry 'WeAreGoingOnBullrun.mp4'
2025-03-11 21:51:03,834 [DEBUG] Getting file attributes for 'WhatCarCanYouGetForAGrand.mp4'
2025-03-11 21:51:03,834 [DEBUG] Returning cached file attributes for 'WhatCarCanYouGetForAGrand.mp4'
2025-03-11 21:51:03,834 [DEBUG] get_file_attr took 0.0000 seconds
2025-03-11 21:51:03,834 [DEBUG] readdir: adding entry 'WhatCarCanYouGetForAGrand.mp4'
2025-03-11 21:51:03,834 [DEBUG] readdir: fh=9, start_id=15
2025-03-11 21:51:03,834 [DEBUG] Getting root attributes
2025-03-11 21:51:03,835 [DEBUG] get_root_attr took 0.0000 seconds
2025-03-11 21:51:03,835 [DEBUG] Getting root attributes
2025-03-11 21:51:03,835 [DEBUG] get_root_attr took 0.0000 seconds
2025-03-11 21:51:03,835 [DEBUG] Getting file attributes for 'BigBuckBunny.mp4'
2025-03-11 21:51:03,835 [DEBUG] Returning cached file attributes for 'BigBuckBunny.mp4'
2025-03-11 21:51:03,835 [DEBUG] get_file_attr took 0.0000 seconds
2025-03-11 21:51:03,835 [DEBUG] readdir: adding entry 'BigBuckBunny.mp4'
2025-03-11 21:51:03,835 [DEBUG] Getting file attributes for 'ElephantsDream.mp4'
2025-03-11 21:51:03,835 [DEBUG] Returning cached file attributes for 'ElephantsDream.mp4'
2025-03-11 21:51:03,835 [DEBUG] get_file_attr took 0.0000 seconds
2025-03-11 21:51:03,835 [DEBUG] readdir: adding entry 'ElephantsDream.mp4'
2025-03-11 21:51:03,835 [DEBUG] Getting file attributes for 'ForBiggerBlazes.mp4'
2025-03-11 21:51:03,835 [DEBUG] Returning cached file attributes for 'ForBiggerBlazes.mp4'
2025-03-11 21:51:03,835 [DEBUG] get_file_attr took 0.0001 seconds
2025-03-11 21:51:03,835 [DEBUG] readdir: adding entry 'ForBiggerBlazes.mp4'
2025-03-11 21:51:03,835 [DEBUG] Getting file attributes for 'ForBiggerEscapes.mp4'
2025-03-11 21:51:03,835 [DEBUG] Returning cached file attributes for 'ForBiggerEscapes.mp4'
2025-03-11 21:51:03,835 [DEBUG] get_file_attr took 0.0001 seconds
2025-03-11 21:51:03,835 [DEBUG] readdir: adding entry 'ForBiggerEscapes.mp4'
2025-03-11 21:51:03,835 [DEBUG] Getting file attributes for 'ForBiggerFun.mp4'
2025-03-11 21:51:03,835 [DEBUG] Returning cached file attributes for 'ForBiggerFun.mp4'
2025-03-11 21:51:03,835 [DEBUG] get_file_attr took 0.0001 seconds
2025-03-11 21:51:03,835 [DEBUG] readdir: adding entry 'ForBiggerFun.mp4'
2025-03-11 21:51:03,835 [DEBUG] Getting file attributes for 'ForBiggerJoyrides.mp4'
2025-03-11 21:51:03,835 [DEBUG] Returning cached file attributes for 'ForBiggerJoyrides.mp4'
2025-03-11 21:51:03,835 [DEBUG] get_file_attr took 0.0000 seconds
2025-03-11 21:51:03,835 [DEBUG] readdir: adding entry 'ForBiggerJoyrides.mp4'
2025-03-11 21:51:03,835 [DEBUG] Getting file attributes for 'ForBiggerMeltdowns.mp4'
2025-03-11 21:51:03,835 [DEBUG] Returning cached file attributes for 'ForBiggerMeltdowns.mp4'
2025-03-11 21:51:03,835 [DEBUG] get_file_attr took 0.0001 seconds
2025-03-11 21:51:03,835 [DEBUG] readdir: adding entry 'ForBiggerMeltdowns.mp4'
2025-03-11 21:51:03,835 [DEBUG] Getting file attributes for 'Sintel.mp4'
2025-03-11 21:51:03,835 [DEBUG] Returning cached file attributes for 'Sintel.mp4'
2025-03-11 21:51:03,835 [DEBUG] get_file_attr took 0.0001 seconds
2025-03-11 21:51:03,835 [DEBUG] readdir: adding entry 'Sintel.mp4'
2025-03-11 21:51:03,835 [DEBUG] Getting file attributes for 'SubaruOutbackOnStreetAndDirt.mp4'
2025-03-11 21:51:03,835 [DEBUG] Returning cached file attributes for 'SubaruOutbackOnStreetAndDirt.mp4'
2025-03-11 21:51:03,835 [DEBUG] get_file_attr took 0.0001 seconds
2025-03-11 21:51:03,835 [DEBUG] readdir: adding entry 'SubaruOutbackOnStreetAndDirt.mp4'
2025-03-11 21:51:03,836 [DEBUG] Getting file attributes for 'TearsOfSteel.mp4'
2025-03-11 21:51:03,836 [DEBUG] Returning cached file attributes for 'TearsOfSteel.mp4'
2025-03-11 21:51:03,836 [DEBUG] get_file_attr took 0.0001 seconds
2025-03-11 21:51:03,836 [DEBUG] readdir: adding entry 'TearsOfSteel.mp4'
2025-03-11 21:51:03,836 [DEBUG] Getting file attributes for 'VolkswagenGTIReview.mp4'
2025-03-11 21:51:03,836 [DEBUG] Returning cached file attributes for 'VolkswagenGTIReview.mp4'
2025-03-11 21:51:03,836 [DEBUG] get_file_attr took 0.0001 seconds
2025-03-11 21:51:03,836 [DEBUG] readdir: adding entry 'VolkswagenGTIReview.mp4'
2025-03-11 21:51:03,836 [DEBUG] Getting file attributes for 'WeAreGoingOnBullrun.mp4'
2025-03-11 21:51:03,836 [DEBUG] Returning cached file attributes for 'WeAreGoingOnBullrun.mp4'
2025-03-11 21:51:03,836 [DEBUG] get_file_attr took 0.0000 seconds
2025-03-11 21:51:03,836 [DEBUG] readdir: adding entry 'WeAreGoingOnBullrun.mp4'
2025-03-11 21:51:03,836 [DEBUG] Getting file attributes for 'WhatCarCanYouGetForAGrand.mp4'
2025-03-11 21:51:03,836 [DEBUG] Returning cached file attributes for 'WhatCarCanYouGetForAGrand.mp4'
2025-03-11 21:51:03,836 [DEBUG] get_file_attr took 0.0000 seconds
2025-03-11 21:51:03,836 [DEBUG] readdir: adding entry 'WhatCarCanYouGetForAGrand.mp4'
2025-03-11 21:51:03,895 [DEBUG] read: fh=8, off=2210830, size=131072
2025-03-11 21:51:03,895 [DEBUG] Getting file attributes for 'ForBiggerMeltdowns.mp4'
2025-03-11 21:51:03,895 [DEBUG] Returning cached file attributes for 'ForBiggerMeltdowns.mp4'
2025-03-11 21:51:03,895 [DEBUG] get_file_attr took 0.0001 seconds
2025-03-11 21:51:03,895 [DEBUG] Using selector: EpollSelector
2025-03-11 21:51:04,206 [DEBUG] fetch_chunk: offset=2097152, chunk_size=2097152, elapsed=0.3108 seconds
2025-03-11 21:51:04,207 [DEBUG] fetch_chunks_sync: current file_chunk_cache size: 118.82 MB; active prefetch threads: 0
2025-03-11 21:51:04,207 [DEBUG] fetch_chunks_sync took 0.3117 seconds
2025-03-11 21:51:04,207 [DEBUG] fetch_chunks_sync took 0.0000 seconds
2025-03-11 21:51:04,207 [DEBUG] maybe_prefetch took 0.0001 seconds
2025-03-11 21:51:04,207 [DEBUG] read: returning 41483 bytes
2025-03-11 22:21:58,910 [INFO] Unmounting filesystem
2025-03-11 22:21:58,913 [DEBUG] Calling fuse_session_unmount
2025-03-11 22:21:58,921 [DEBUG] Calling fuse_session_destroy
